Connecting to database specified by database.yml
Connecting to database specified by database.yml
<<<<<<< HEAD
=======
  [1m[36m (3.2ms)[0m  [1mCREATE TABLE "schema_migrations" ("version" character varying(255) NOT NULL) [0m
  [1m[35m (2.3ms)[0m  CREATE UNIQUE INDEX "unique_schema_migrations" ON "schema_migrations" ("version")
  [1m[36m (0.3ms)[0m  [1mSELECT "schema_migrations"."version" FROM "schema_migrations" [0m
Connecting to database specified by database.yml
Connecting to database specified by database.yml


Started GET "/assets/rails.png" for 127.0.0.1 at 2014-02-27 14:39:41 -0800
Served asset /rails.png - 304 Not Modified (6ms)


Started GET "/assets/rails.png" for 127.0.0.1 at 2014-02-27 14:39:47 -0800
Served asset /rails.png - 304 Not Modified (0ms)


Started GET "/assets/rails.png" for 127.0.0.1 at 2014-02-27 14:40:01 -0800
Served asset /rails.png - 304 Not Modified (0ms)


Started GET "/" for 127.0.0.1 at 2014-02-27 14:40:04 -0800
Processing by PagesController#index as HTML
  Rendered pages/index.html.erb within layouts/application (2.8ms)
Compiled application.css  (0ms)  (pid 2690)
Compiled jquery.js  (2ms)  (pid 2690)
Compiled jquery_ujs.js  (0ms)  (pid 2690)
Compiled application.js  (75ms)  (pid 2690)
Completed 200 OK in 132ms (Views: 131.2ms | ActiveRecord: 0.0ms)


Started GET "/assets/application.css?body=1" for 127.0.0.1 at 2014-02-27 14:40:04 -0800
Served asset /application.css - 200 OK (3ms)


Started GET "/assets/application.js?body=1" for 127.0.0.1 at 2014-02-27 14:40:04 -0800
Served asset /application.js - 200 OK (3ms)


Started GET "/assets/jquery.js?body=1" for 127.0.0.1 at 2014-02-27 14:40:04 -0800
Served asset /jquery.js - 304 Not Modified (3ms)


Started GET "/assets/jquery_ujs.js?body=1" for 127.0.0.1 at 2014-02-27 14:40:04 -0800
Served asset /jquery_ujs.js - 304 Not Modified (3ms)


Started GET "/assets/rails.png" for 127.0.0.1 at 2014-02-27 14:40:07 -0800
Served asset /rails.png - 304 Not Modified (0ms)


Started GET "/sign_in" for 127.0.0.1 at 2014-02-27 14:40:26 -0800

ActionController::RoutingError (No route matches [GET] "/sign_in"):
  actionpack (3.2.14) lib/action_dispatch/middleware/debug_exceptions.rb:21:in `call'
  actionpack (3.2.14) lib/action_dispatch/middleware/show_exceptions.rb:56:in `call'
  railties (3.2.14) lib/rails/rack/logger.rb:32:in `call_app'
  railties (3.2.14) lib/rails/rack/logger.rb:16:in `block in call'
  activesupport (3.2.14) lib/active_support/tagged_logging.rb:22:in `tagged'
  railties (3.2.14) lib/rails/rack/logger.rb:16:in `call'
  actionpack (3.2.14) lib/action_dispatch/middleware/request_id.rb:22:in `call'
  rack (1.4.5) lib/rack/methodoverride.rb:21:in `call'
  rack (1.4.5) lib/rack/runtime.rb:17:in `call'
  activesupport (3.2.14) lib/active_support/cache/strategy/local_cache.rb:72:in `call'
  rack (1.4.5) lib/rack/lock.rb:15:in `call'
  actionpack (3.2.14) lib/action_dispatch/middleware/static.rb:63:in `call'
  railties (3.2.14) lib/rails/engine.rb:484:in `call'
  railties (3.2.14) lib/rails/application.rb:231:in `call'
  rack (1.4.5) lib/rack/content_length.rb:14:in `call'
  railties (3.2.14) lib/rails/rack/log_tailer.rb:17:in `call'
  rack (1.4.5) lib/rack/handler/webrick.rb:59:in `service'
  /Users/apprentice/.rvm/rubies/ruby-1.9.3-p448/lib/ruby/1.9.1/webrick/httpserver.rb:138:in `service'
  /Users/apprentice/.rvm/rubies/ruby-1.9.3-p448/lib/ruby/1.9.1/webrick/httpserver.rb:94:in `run'
  /Users/apprentice/.rvm/rubies/ruby-1.9.3-p448/lib/ruby/1.9.1/webrick/server.rb:191:in `block in start_thread'


  Rendered /Users/apprentice/.rvm/gems/ruby-1.9.3-p448/gems/actionpack-3.2.14/lib/action_dispatch/middleware/templates/rescues/routing_error.erb within rescues/layout (0.6ms)
Connecting to database specified by database.yml
Connecting to database specified by database.yml
Connecting to database specified by database.yml
Connecting to database specified by database.yml
Connecting to database specified by database.yml
Connecting to database specified by database.yml


Started GET "/users/sign_in" for 127.0.0.1 at 2014-02-27 14:44:06 -0800
Processing by Devise::SessionsController#new as HTML
PG::UndefinedTable: ERROR:  relation "users" does not exist
LINE 5:              WHERE a.attrelid = '"users"'::regclass
                                        ^
:             SELECT a.attname, format_type(a.atttypid, a.atttypmod),
                     pg_get_expr(d.adbin, d.adrelid), a.attnotnull, a.atttypid, a.atttypmod
              FROM pg_attribute a LEFT JOIN pg_attrdef d
                ON a.attrelid = d.adrelid AND a.attnum = d.adnum
             WHERE a.attrelid = '"users"'::regclass
               AND a.attnum > 0 AND NOT a.attisdropped
             ORDER BY a.attnum

Completed 500 Internal Server Error in 17ms

ActiveRecord::StatementInvalid (PG::UndefinedTable: ERROR:  relation "users" does not exist
LINE 5:              WHERE a.attrelid = '"users"'::regclass
                                        ^
:             SELECT a.attname, format_type(a.atttypid, a.atttypmod),
                     pg_get_expr(d.adbin, d.adrelid), a.attnotnull, a.atttypid, a.atttypmod
              FROM pg_attribute a LEFT JOIN pg_attrdef d
                ON a.attrelid = d.adrelid AND a.attnum = d.adnum
             WHERE a.attrelid = '"users"'::regclass
               AND a.attnum > 0 AND NOT a.attisdropped
             ORDER BY a.attnum
):
  activerecord (3.2.14) lib/active_record/connection_adapters/postgresql_adapter.rb:1163:in `async_exec'
  activerecord (3.2.14) lib/active_record/connection_adapters/postgresql_adapter.rb:1163:in `exec_no_cache'
  activerecord (3.2.14) lib/active_record/connection_adapters/postgresql_adapter.rb:660:in `block in exec_query'
  activerecord (3.2.14) lib/active_record/connection_adapters/abstract_adapter.rb:280:in `block in log'
  activesupport (3.2.14) lib/active_support/notifications/instrumenter.rb:20:in `instrument'
  activerecord (3.2.14) lib/active_record/connection_adapters/abstract_adapter.rb:275:in `log'
  activerecord (3.2.14) lib/active_record/connection_adapters/postgresql_adapter.rb:659:in `exec_query'
  activerecord (3.2.14) lib/active_record/connection_adapters/postgresql_adapter.rb:1292:in `column_definitions'
  activerecord (3.2.14) lib/active_record/connection_adapters/postgresql_adapter.rb:855:in `columns'
  activerecord (3.2.14) lib/active_record/connection_adapters/schema_cache.rb:12:in `block in initialize'
  activerecord (3.2.14) lib/active_record/model_schema.rb:229:in `yield'
  activerecord (3.2.14) lib/active_record/model_schema.rb:229:in `default'
  activerecord (3.2.14) lib/active_record/model_schema.rb:229:in `columns'
  activerecord (3.2.14) lib/active_record/model_schema.rb:244:in `column_defaults'
  activerecord (3.2.14) lib/active_record/base.rb:482:in `initialize'
  devise (3.2.3) app/controllers/devise/sessions_controller.rb:8:in `new'
  devise (3.2.3) app/controllers/devise/sessions_controller.rb:8:in `new'
  actionpack (3.2.14) lib/action_controller/metal/implicit_render.rb:4:in `send_action'
  actionpack (3.2.14) lib/abstract_controller/base.rb:167:in `process_action'
  actionpack (3.2.14) lib/action_controller/metal/rendering.rb:10:in `process_action'
  actionpack (3.2.14) lib/abstract_controller/callbacks.rb:18:in `block in process_action'
  activesupport (3.2.14) lib/active_support/callbacks.rb:436:in `_run__3496340052042186569__process_action__1946461920377272602__callbacks'
  activesupport (3.2.14) lib/active_support/callbacks.rb:405:in `__run_callback'
  activesupport (3.2.14) lib/active_support/callbacks.rb:385:in `_run_process_action_callbacks'
  activesupport (3.2.14) lib/active_support/callbacks.rb:81:in `run_callbacks'
  actionpack (3.2.14) lib/abstract_controller/callbacks.rb:17:in `process_action'
  actionpack (3.2.14) lib/action_controller/metal/rescue.rb:29:in `process_action'
  actionpack (3.2.14) lib/action_controller/metal/instrumentation.rb:30:in `block in process_action'
  activesupport (3.2.14) lib/active_support/notifications.rb:123:in `block in instrument'
  activesupport (3.2.14) lib/active_support/notifications/instrumenter.rb:20:in `instrument'
  activesupport (3.2.14) lib/active_support/notifications.rb:123:in `instrument'
  actionpack (3.2.14) lib/action_controller/metal/instrumentation.rb:29:in `process_action'
  actionpack (3.2.14) lib/action_controller/metal/params_wrapper.rb:207:in `process_action'
  activerecord (3.2.14) lib/active_record/railties/controller_runtime.rb:18:in `process_action'
  actionpack (3.2.14) lib/abstract_controller/base.rb:121:in `process'
  actionpack (3.2.14) lib/abstract_controller/rendering.rb:45:in `process'
  actionpack (3.2.14) lib/action_controller/metal.rb:203:in `dispatch'
  actionpack (3.2.14) lib/action_controller/metal/rack_delegation.rb:14:in `dispatch'
  actionpack (3.2.14) lib/action_controller/metal.rb:246:in `block in action'
  actionpack (3.2.14) lib/action_dispatch/routing/route_set.rb:73:in `call'
  actionpack (3.2.14) lib/action_dispatch/routing/route_set.rb:73:in `dispatch'
  actionpack (3.2.14) lib/action_dispatch/routing/route_set.rb:36:in `call'
  actionpack (3.2.14) lib/action_dispatch/routing/mapper.rb:43:in `call'
  journey (1.0.4) lib/journey/router.rb:68:in `block in call'
  journey (1.0.4) lib/journey/router.rb:56:in `each'
  journey (1.0.4) lib/journey/router.rb:56:in `call'
  actionpack (3.2.14) lib/action_dispatch/routing/route_set.rb:608:in `call'
  warden (1.2.3) lib/warden/manager.rb:35:in `block in call'
  warden (1.2.3) lib/warden/manager.rb:34:in `catch'
  warden (1.2.3) lib/warden/manager.rb:34:in `call'
  actionpack (3.2.14) lib/action_dispatch/middleware/best_standards_support.rb:17:in `call'
  rack (1.4.5) lib/rack/etag.rb:23:in `call'
  rack (1.4.5) lib/rack/conditionalget.rb:25:in `call'
  actionpack (3.2.14) lib/action_dispatch/middleware/head.rb:14:in `call'
  actionpack (3.2.14) lib/action_dispatch/middleware/params_parser.rb:21:in `call'
  actionpack (3.2.14) lib/action_dispatch/middleware/flash.rb:242:in `call'
  rack (1.4.5) lib/rack/session/abstract/id.rb:210:in `context'
  rack (1.4.5) lib/rack/session/abstract/id.rb:205:in `call'
  actionpack (3.2.14) lib/action_dispatch/middleware/cookies.rb:341:in `call'
  activerecord (3.2.14) lib/active_record/query_cache.rb:64:in `call'
  activerecord (3.2.14) lib/active_record/connection_adapters/abstract/connection_pool.rb:479:in `call'
  actionpack (3.2.14) lib/action_dispatch/middleware/callbacks.rb:28:in `block in call'
  activesupport (3.2.14) lib/active_support/callbacks.rb:405:in `_run__3598445494950616810__call__27885671480646712__callbacks'
  activesupport (3.2.14) lib/active_support/callbacks.rb:405:in `__run_callback'
  activesupport (3.2.14) lib/active_support/callbacks.rb:385:in `_run_call_callbacks'
  activesupport (3.2.14) lib/active_support/callbacks.rb:81:in `run_callbacks'
  actionpack (3.2.14) lib/action_dispatch/middleware/callbacks.rb:27:in `call'
  actionpack (3.2.14) lib/action_dispatch/middleware/reloader.rb:65:in `call'
  actionpack (3.2.14) lib/action_dispatch/middleware/remote_ip.rb:31:in `call'
  actionpack (3.2.14) lib/action_dispatch/middleware/debug_exceptions.rb:16:in `call'
  actionpack (3.2.14) lib/action_dispatch/middleware/show_exceptions.rb:56:in `call'
  railties (3.2.14) lib/rails/rack/logger.rb:32:in `call_app'
  railties (3.2.14) lib/rails/rack/logger.rb:16:in `block in call'
  activesupport (3.2.14) lib/active_support/tagged_logging.rb:22:in `tagged'
  railties (3.2.14) lib/rails/rack/logger.rb:16:in `call'
  actionpack (3.2.14) lib/action_dispatch/middleware/request_id.rb:22:in `call'
  rack (1.4.5) lib/rack/methodoverride.rb:21:in `call'
  rack (1.4.5) lib/rack/runtime.rb:17:in `call'
  activesupport (3.2.14) lib/active_support/cache/strategy/local_cache.rb:72:in `call'
  rack (1.4.5) lib/rack/lock.rb:15:in `call'
  actionpack (3.2.14) lib/action_dispatch/middleware/static.rb:63:in `call'
  railties (3.2.14) lib/rails/engine.rb:484:in `call'
  railties (3.2.14) lib/rails/application.rb:231:in `call'
  rack (1.4.5) lib/rack/content_length.rb:14:in `call'
  railties (3.2.14) lib/rails/rack/log_tailer.rb:17:in `call'
  rack (1.4.5) lib/rack/handler/webrick.rb:59:in `service'
  /Users/apprentice/.rvm/rubies/ruby-1.9.3-p448/lib/ruby/1.9.1/webrick/httpserver.rb:138:in `service'
  /Users/apprentice/.rvm/rubies/ruby-1.9.3-p448/lib/ruby/1.9.1/webrick/httpserver.rb:94:in `run'
  /Users/apprentice/.rvm/rubies/ruby-1.9.3-p448/lib/ruby/1.9.1/webrick/server.rb:191:in `block in start_thread'


  Rendered /Users/apprentice/.rvm/gems/ruby-1.9.3-p448/gems/actionpack-3.2.14/lib/action_dispatch/middleware/templates/rescues/_trace.erb (1.1ms)
  Rendered /Users/apprentice/.rvm/gems/ruby-1.9.3-p448/gems/actionpack-3.2.14/lib/action_dispatch/middleware/templates/rescues/_request_and_response.erb (0.9ms)
  Rendered /Users/apprentice/.rvm/gems/ruby-1.9.3-p448/gems/actionpack-3.2.14/lib/action_dispatch/middleware/templates/rescues/diagnostics.erb within rescues/layout (8.8ms)
Connecting to database specified by database.yml
  [1m[36m (0.2ms)[0m  [1mSELECT "schema_migrations"."version" FROM "schema_migrations" [0m
Migrating to DeviseCreateUsers (20140227224309)
  [1m[35m (0.1ms)[0m  BEGIN
  [1m[36m (5.8ms)[0m  [1mCREATE TABLE "users" ("id" serial primary key, "email" character varying(255) DEFAULT '' NOT NULL, "encrypted_password" character varying(255) DEFAULT '' NOT NULL, "reset_password_token" character varying(255), "reset_password_sent_at" timestamp, "remember_created_at" timestamp, "sign_in_count" integer DEFAULT 0 NOT NULL, "current_sign_in_at" timestamp, "last_sign_in_at" timestamp, "current_sign_in_ip" character varying(255), "last_sign_in_ip" character varying(255), "created_at" timestamp NOT NULL, "updated_at" timestamp NOT NULL) [0m
  [1m[35m (1.1ms)[0m  CREATE UNIQUE INDEX "index_users_on_email" ON "users" ("email")
  [1m[36m (2.6ms)[0m  [1mCREATE UNIQUE INDEX "index_users_on_reset_password_token" ON "users" ("reset_password_token")[0m
  [1m[35m (0.4ms)[0m  INSERT INTO "schema_migrations" ("version") VALUES ('20140227224309')
  [1m[36m (1.1ms)[0m  [1mCOMMIT[0m
  [1m[35m (0.2ms)[0m  SELECT "schema_migrations"."version" FROM "schema_migrations" 


Started GET "/users/sign_in" for 127.0.0.1 at 2014-02-27 14:44:50 -0800
Processing by Devise::SessionsController#new as HTML
  Rendered devise/sessions/new.html.erb within layouts/application (8.5ms)
Completed 500 Internal Server Error in 35ms

ActionView::Template::Error (undefined method `session_path' for #<#<Class:0x007fc8b73d4578>:0x007fc8b73d0cc0>):
    1: <h2>Sign in</h2>
    2: 
    3: <%= form_for(resource, :as => resource_name, :url => session_path(resource_name)) do |f| %>
    4:   <div><%= f.label :email %><br />
    5:   <%= f.email_field :email, :autofocus => true %></div>
    6: 
  app/views/devise/sessions/new.html.erb:3:in `_app_views_devise_sessions_new_html_erb___719755231395647690_70249999193320'


  Rendered /Users/apprentice/.rvm/gems/ruby-1.9.3-p448/gems/actionpack-3.2.14/lib/action_dispatch/middleware/templates/rescues/_trace.erb (1.1ms)
  Rendered /Users/apprentice/.rvm/gems/ruby-1.9.3-p448/gems/actionpack-3.2.14/lib/action_dispatch/middleware/templates/rescues/_request_and_response.erb (0.8ms)
  Rendered /Users/apprentice/.rvm/gems/ruby-1.9.3-p448/gems/actionpack-3.2.14/lib/action_dispatch/middleware/templates/rescues/template_error.erb within rescues/layout (6.8ms)


Started GET "/users/sign_up" for 127.0.0.1 at 2014-02-27 14:45:04 -0800
Processing by Devise::RegistrationsController#new as HTML
  Rendered devise/registrations/new.html.erb within layouts/application (28.4ms)
Completed 500 Internal Server Error in 32ms

ActionView::Template::Error (undefined method `registration_path' for #<#<Class:0x007fc8b5034708>:0x007fc8b5039730>):
    1: <h2>Sign up</h2>
    2: 
    3: <%= form_for(resource, :as => resource_name, :url => registration_path(resource_name)) do |f| %>
    4:   <%= devise_error_messages! %>
    5: 
    6:   <div><%= f.label :email %><br />
  app/views/devise/registrations/new.html.erb:3:in `_app_views_devise_registrations_new_html_erb___735211312980448258_70250003546760'


  Rendered /Users/apprentice/.rvm/gems/ruby-1.9.3-p448/gems/actionpack-3.2.14/lib/action_dispatch/middleware/templates/rescues/_trace.erb (1.2ms)
  Rendered /Users/apprentice/.rvm/gems/ruby-1.9.3-p448/gems/actionpack-3.2.14/lib/action_dispatch/middleware/templates/rescues/_request_and_response.erb (0.8ms)
  Rendered /Users/apprentice/.rvm/gems/ruby-1.9.3-p448/gems/actionpack-3.2.14/lib/action_dispatch/middleware/templates/rescues/template_error.erb within rescues/layout (7.1ms)
Connecting to database specified by database.yml


Started GET "/users/sign_up" for 127.0.0.1 at 2014-02-27 14:47:05 -0800
Processing by Devise::RegistrationsController#new as HTML
  Rendered devise/registrations/new.html.erb within layouts/application (8.0ms)
Completed 500 Internal Server Error in 24ms

ActionView::Template::Error (undefined method `registration_path' for #<#<Class:0x007fc8b74891d0>:0x007fc8b721dc20>):
    1: <h2>Sign up</h2>
    2: 
    3: <%= form_for(resource, :as => resource_name, :url => registration_path(resource_name)) do |f| %>
    4:   <%= devise_error_messages! %>
    5: 
    6:   <div><%= f.label :email %><br />
  app/views/devise/registrations/new.html.erb:3:in `_app_views_devise_registrations_new_html_erb___735211312980448258_70250003546760'


  Rendered /Users/apprentice/.rvm/gems/ruby-1.9.3-p448/gems/actionpack-3.2.14/lib/action_dispatch/middleware/templates/rescues/_trace.erb (1.4ms)
  Rendered /Users/apprentice/.rvm/gems/ruby-1.9.3-p448/gems/actionpack-3.2.14/lib/action_dispatch/middleware/templates/rescues/_request_and_response.erb (0.9ms)
  Rendered /Users/apprentice/.rvm/gems/ruby-1.9.3-p448/gems/actionpack-3.2.14/lib/action_dispatch/middleware/templates/rescues/template_error.erb within rescues/layout (7.3ms)


Started GET "/users/sign_in" for 127.0.0.1 at 2014-02-27 14:47:07 -0800
Processing by Devise::SessionsController#new as HTML
  Rendered devise/sessions/new.html.erb within layouts/application (6.0ms)
Completed 500 Internal Server Error in 9ms

ActionView::Template::Error (undefined method `session_path' for #<#<Class:0x007fc8b4422cf8>:0x007fc8b75f6c70>):
    1: <h2>Sign in</h2>
    2: 
    3: <%= form_for(resource, :as => resource_name, :url => session_path(resource_name)) do |f| %>
    4:   <div><%= f.label :email %><br />
    5:   <%= f.email_field :email, :autofocus => true %></div>
    6: 
  app/views/devise/sessions/new.html.erb:3:in `_app_views_devise_sessions_new_html_erb___719755231395647690_70249999193320'


  Rendered /Users/apprentice/.rvm/gems/ruby-1.9.3-p448/gems/actionpack-3.2.14/lib/action_dispatch/middleware/templates/rescues/_trace.erb (1.0ms)
  Rendered /Users/apprentice/.rvm/gems/ruby-1.9.3-p448/gems/actionpack-3.2.14/lib/action_dispatch/middleware/templates/rescues/_request_and_response.erb (0.8ms)
  Rendered /Users/apprentice/.rvm/gems/ruby-1.9.3-p448/gems/actionpack-3.2.14/lib/action_dispatch/middleware/templates/rescues/template_error.erb within rescues/layout (7.1ms)
Connecting to database specified by database.yml


Started GET "/users/sign_in" for 127.0.0.1 at 2014-02-27 14:47:56 -0800
Processing by Devise::SessionsController#new as HTML
  Rendered devise/shared/_links.erb (1.5ms)
  Rendered devise/sessions/new.html.erb within layouts/application (14.4ms)
Completed 200 OK in 94ms (Views: 49.4ms | ActiveRecord: 7.3ms)


Started GET "/assets/application.css?body=1" for 127.0.0.1 at 2014-02-27 14:47:56 -0800
Served asset /application.css - 304 Not Modified (23ms)


Started GET "/assets/jquery.js?body=1" for 127.0.0.1 at 2014-02-27 14:47:56 -0800
Served asset /jquery.js - 304 Not Modified (2ms)


Started GET "/assets/jquery_ujs.js?body=1" for 127.0.0.1 at 2014-02-27 14:47:56 -0800
Served asset /jquery_ujs.js - 304 Not Modified (2ms)


Started GET "/assets/application.js?body=1" for 127.0.0.1 at 2014-02-27 14:47:56 -0800
Served asset /application.js - 304 Not Modified (3ms)


Started GET "/users/sign_up" for 127.0.0.1 at 2014-02-27 14:48:03 -0800
Processing by Devise::RegistrationsController#new as HTML
  Rendered devise/shared/_links.erb (0.5ms)
  Rendered devise/registrations/new.html.erb within layouts/application (4.8ms)
Completed 200 OK in 10ms (Views: 9.1ms | ActiveRecord: 0.0ms)


Started GET "/assets/application.css?body=1" for 127.0.0.1 at 2014-02-27 14:48:03 -0800
Served asset /application.css - 304 Not Modified (0ms)


Started GET "/assets/jquery.js?body=1" for 127.0.0.1 at 2014-02-27 14:48:03 -0800
Served asset /jquery.js - 304 Not Modified (0ms)


Started GET "/assets/jquery_ujs.js?body=1" for 127.0.0.1 at 2014-02-27 14:48:03 -0800
Served asset /jquery_ujs.js - 304 Not Modified (0ms)


Started GET "/assets/application.js?body=1" for 127.0.0.1 at 2014-02-27 14:48:03 -0800
Served asset /application.js - 304 Not Modified (0ms)
Connecting to database specified by database.yml
Connecting to database specified by database.yml


Started GET "/users/sign_in" for 127.0.0.1 at 2014-02-27 14:56:45 -0800
Processing by Devise::SessionsController#new as HTML
  Rendered devise/shared/_links.erb (0.3ms)
  Rendered devise/sessions/new.html.erb within layouts/application (2.7ms)
Completed 200 OK in 6ms (Views: 5.9ms | ActiveRecord: 0.0ms)


Started GET "/assets/application.css?body=1" for 127.0.0.1 at 2014-02-27 14:56:45 -0800
Served asset /application.css - 304 Not Modified (0ms)


Started GET "/assets/jquery.js?body=1" for 127.0.0.1 at 2014-02-27 14:56:45 -0800
Served asset /jquery.js - 304 Not Modified (0ms)


Started GET "/assets/jquery_ujs.js?body=1" for 127.0.0.1 at 2014-02-27 14:56:45 -0800
Served asset /jquery_ujs.js - 304 Not Modified (0ms)


Started GET "/assets/application.js?body=1" for 127.0.0.1 at 2014-02-27 14:56:45 -0800
Served asset /application.js - 304 Not Modified (0ms)


Started GET "/users/password/new" for 127.0.0.1 at 2014-02-27 14:56:46 -0800
Processing by Devise::PasswordsController#new as HTML
  Rendered devise/shared/_links.erb (0.5ms)
  Rendered devise/passwords/new.html.erb within layouts/application (4.2ms)
Completed 200 OK in 10ms (Views: 9.4ms | ActiveRecord: 0.0ms)


Started GET "/assets/application.css?body=1" for 127.0.0.1 at 2014-02-27 14:56:46 -0800
Served asset /application.css - 304 Not Modified (0ms)


Started GET "/assets/jquery.js?body=1" for 127.0.0.1 at 2014-02-27 14:56:46 -0800
Served asset /jquery.js - 304 Not Modified (0ms)


Started GET "/assets/jquery_ujs.js?body=1" for 127.0.0.1 at 2014-02-27 14:56:46 -0800
Served asset /jquery_ujs.js - 304 Not Modified (0ms)


Started GET "/assets/application.js?body=1" for 127.0.0.1 at 2014-02-27 14:56:46 -0800
Served asset /application.js - 304 Not Modified (0ms)
Connecting to database specified by database.yml
  [1m[36m (0.3ms)[0m  [1mSELECT "schema_migrations"."version" FROM "schema_migrations" [0m
  [1m[35m (145.0ms)[0m  DROP DATABASE IF EXISTS "hatip_test"
  [1m[36m (408.8ms)[0m  [1mCREATE DATABASE "hatip_test" ENCODING = 'utf8'[0m
  [1m[35m (6.5ms)[0m  CREATE TABLE "users" ("id" serial primary key, "email" character varying(255) DEFAULT '' NOT NULL, "encrypted_password" character varying(255) DEFAULT '' NOT NULL, "reset_password_token" character varying(255), "reset_password_sent_at" timestamp, "remember_created_at" timestamp, "sign_in_count" integer DEFAULT 0 NOT NULL, "current_sign_in_at" timestamp, "last_sign_in_at" timestamp, "current_sign_in_ip" character varying(255), "last_sign_in_ip" character varying(255), "created_at" timestamp NOT NULL, "updated_at" timestamp NOT NULL) 
  [1m[36m (1.5ms)[0m  [1mCREATE UNIQUE INDEX "index_users_on_email" ON "users" ("email")[0m
  [1m[35m (1.3ms)[0m  CREATE UNIQUE INDEX "index_users_on_reset_password_token" ON "users" ("reset_password_token")
  [1m[36m (1.0ms)[0m  [1mCREATE TABLE "schema_migrations" ("version" character varying(255) NOT NULL) [0m
  [1m[35m (1.3ms)[0m  CREATE UNIQUE INDEX "unique_schema_migrations" ON "schema_migrations" ("version")
  [1m[36m (0.2ms)[0m  [1mSELECT version FROM "schema_migrations"[0m
  [1m[35m (0.4ms)[0m  INSERT INTO "schema_migrations" (version) VALUES ('20140227224309')
Connecting to database specified by database.yml
  [1m[36m (0.3ms)[0m  [1mSELECT "schema_migrations"."version" FROM "schema_migrations" [0m
Migrating to DeviseCreateUsers (20140227224309)
  [1m[35m (0.1ms)[0m  SELECT "schema_migrations"."version" FROM "schema_migrations" 
Connecting to database specified by database.yml
  [1m[36m (6.0ms)[0m  [1mCREATE TABLE "users" ("id" serial primary key, "email" character varying(255) DEFAULT '' NOT NULL, "encrypted_password" character varying(255) DEFAULT '' NOT NULL, "reset_password_token" character varying(255), "reset_password_sent_at" timestamp, "remember_created_at" timestamp, "sign_in_count" integer DEFAULT 0 NOT NULL, "current_sign_in_at" timestamp, "last_sign_in_at" timestamp, "current_sign_in_ip" character varying(255), "last_sign_in_ip" character varying(255), "created_at" timestamp NOT NULL, "updated_at" timestamp NOT NULL) [0m
  [1m[35m (1.3ms)[0m  CREATE UNIQUE INDEX "index_users_on_email" ON "users" ("email")
  [1m[36m (1.2ms)[0m  [1mCREATE UNIQUE INDEX "index_users_on_reset_password_token" ON "users" ("reset_password_token")[0m
  [1m[35m (1.2ms)[0m  CREATE TABLE "schema_migrations" ("version" character varying(255) NOT NULL) 
  [1m[36m (1.0ms)[0m  [1mCREATE UNIQUE INDEX "unique_schema_migrations" ON "schema_migrations" ("version")[0m
  [1m[35m (0.3ms)[0m  SELECT version FROM "schema_migrations"
  [1m[36m (0.5ms)[0m  [1mINSERT INTO "schema_migrations" (version) VALUES ('20140227224309')[0m
  [1m[35m (0.3ms)[0m  SELECT "schema_migrations"."version" FROM "schema_migrations" 
Connecting to database specified by database.yml
  [1m[36m (0.2ms)[0m  [1mSELECT "schema_migrations"."version" FROM "schema_migrations" [0m
Migrating to DeviseCreateUsers (20140227224309)
  [1m[35m (0.1ms)[0m  SELECT "schema_migrations"."version" FROM "schema_migrations" 
Connecting to database specified by database.yml
  [1m[36m (0.2ms)[0m  [1mSELECT "schema_migrations"."version" FROM "schema_migrations" [0m
  [1m[35m (116.6ms)[0m  DROP DATABASE IF EXISTS "hatip_test"
  [1m[36m (311.9ms)[0m  [1mCREATE DATABASE "hatip_test" ENCODING = 'utf8'[0m
  [1m[35m (6.4ms)[0m  CREATE TABLE "users" ("id" serial primary key, "email" character varying(255) DEFAULT '' NOT NULL, "encrypted_password" character varying(255) DEFAULT '' NOT NULL, "reset_password_token" character varying(255), "reset_password_sent_at" timestamp, "remember_created_at" timestamp, "sign_in_count" integer DEFAULT 0 NOT NULL, "current_sign_in_at" timestamp, "last_sign_in_at" timestamp, "current_sign_in_ip" character varying(255), "last_sign_in_ip" character varying(255), "created_at" timestamp NOT NULL, "updated_at" timestamp NOT NULL) 
  [1m[36m (1.5ms)[0m  [1mCREATE UNIQUE INDEX "index_users_on_email" ON "users" ("email")[0m
  [1m[35m (1.3ms)[0m  CREATE UNIQUE INDEX "index_users_on_reset_password_token" ON "users" ("reset_password_token")
  [1m[36m (0.9ms)[0m  [1mCREATE TABLE "schema_migrations" ("version" character varying(255) NOT NULL) [0m
  [1m[35m (1.2ms)[0m  CREATE UNIQUE INDEX "unique_schema_migrations" ON "schema_migrations" ("version")
  [1m[36m (0.2ms)[0m  [1mSELECT version FROM "schema_migrations"[0m
  [1m[35m (0.5ms)[0m  INSERT INTO "schema_migrations" (version) VALUES ('20140227224309')
Connecting to database specified by database.yml
Connecting to database specified by database.yml
  [1m[36m (2.3ms)[0m  [1mCREATE TABLE "schema_migrations" ("version" character varying(255) NOT NULL) [0m
  [1m[35m (1.6ms)[0m  CREATE UNIQUE INDEX "unique_schema_migrations" ON "schema_migrations" ("version")
  [1m[36m (0.2ms)[0m  [1mSELECT "schema_migrations"."version" FROM "schema_migrations" [0m
Migrating to DeviseCreateUsers (20140227224309)
  [1m[35m (0.1ms)[0m  BEGIN
  [1m[36m (4.2ms)[0m  [1mCREATE TABLE "users" ("id" serial primary key, "email" character varying(255) DEFAULT '' NOT NULL, "encrypted_password" character varying(255) DEFAULT '' NOT NULL, "reset_password_token" character varying(255), "reset_password_sent_at" timestamp, "remember_created_at" timestamp, "sign_in_count" integer DEFAULT 0 NOT NULL, "current_sign_in_at" timestamp, "last_sign_in_at" timestamp, "current_sign_in_ip" character varying(255), "last_sign_in_ip" character varying(255), "stage_name" character varying(255), "twitter_handle" character varying(255), "verified" boolean DEFAULT 'f', "city" character varying(255), "state" character varying(255), "country" character varying(255), "genre" character varying(255), "story" text, "profile_image_url" character varying(255), "created_at" timestamp NOT NULL, "updated_at" timestamp NOT NULL) [0m
  [1m[35m (1.0ms)[0m  CREATE UNIQUE INDEX "index_users_on_email" ON "users" ("email")
  [1m[36m (0.8ms)[0m  [1mCREATE UNIQUE INDEX "index_users_on_reset_password_token" ON "users" ("reset_password_token")[0m
  [1m[35m (0.3ms)[0m  INSERT INTO "schema_migrations" ("version") VALUES ('20140227224309')
  [1m[36m (1.7ms)[0m  [1mCOMMIT[0m
  [1m[35m (0.3ms)[0m  SELECT "schema_migrations"."version" FROM "schema_migrations" 
Connecting to database specified by database.yml
Connecting to database specified by database.yml
  [1m[36m (0.3ms)[0m  [1mSELECT "schema_migrations"."version" FROM "schema_migrations" [0m
  [1m[35m (116.2ms)[0m  DROP DATABASE IF EXISTS "hatip_test"
  [1m[36m (319.7ms)[0m  [1mCREATE DATABASE "hatip_test" ENCODING = 'utf8'[0m
  [1m[35m (8.2ms)[0m  CREATE TABLE "users" ("id" serial primary key, "email" character varying(255) DEFAULT '' NOT NULL, "encrypted_password" character varying(255) DEFAULT '' NOT NULL, "reset_password_token" character varying(255), "reset_password_sent_at" timestamp, "remember_created_at" timestamp, "sign_in_count" integer DEFAULT 0 NOT NULL, "current_sign_in_at" timestamp, "last_sign_in_at" timestamp, "current_sign_in_ip" character varying(255), "last_sign_in_ip" character varying(255), "stage_name" character varying(255), "twitter_handle" character varying(255), "verified" boolean DEFAULT 'f', "city" character varying(255), "state" character varying(255), "country" character varying(255), "genre" character varying(255), "story" text, "profile_image_url" character varying(255), "created_at" timestamp NOT NULL, "updated_at" timestamp NOT NULL) 
  [1m[36m (1.5ms)[0m  [1mCREATE UNIQUE INDEX "index_users_on_email" ON "users" ("email")[0m
  [1m[35m (1.0ms)[0m  CREATE UNIQUE INDEX "index_users_on_reset_password_token" ON "users" ("reset_password_token")
  [1m[36m (1.5ms)[0m  [1mCREATE TABLE "schema_migrations" ("version" character varying(255) NOT NULL) [0m
  [1m[35m (1.3ms)[0m  CREATE UNIQUE INDEX "unique_schema_migrations" ON "schema_migrations" ("version")
  [1m[36m (0.2ms)[0m  [1mSELECT version FROM "schema_migrations"[0m
  [1m[35m (0.6ms)[0m  INSERT INTO "schema_migrations" (version) VALUES ('20140227224309')
>>>>>>> 776240ea0d188c4212f13b3b9de037ae3f161a1c
Connecting to database specified by database.yml
  [1m[36m (0.3ms)[0m  [1mSELECT "schema_migrations"."version" FROM "schema_migrations" [0m
Migrating to DeviseCreateUsers (20140227224309)
  [1m[35m (0.4ms)[0m  SELECT "schema_migrations"."version" FROM "schema_migrations" 
Connecting to database specified by database.yml
  [1m[36m (0.2ms)[0m  [1mSELECT "schema_migrations"."version" FROM "schema_migrations" [0m
Connecting to database specified by database.yml
  [1m[36m (2.5ms)[0m  [1mCREATE TABLE "schema_migrations" ("version" character varying(255) NOT NULL) [0m
  [1m[35m (1.9ms)[0m  CREATE UNIQUE INDEX "unique_schema_migrations" ON "schema_migrations" ("version")
  [1m[36m (0.4ms)[0m  [1mSELECT "schema_migrations"."version" FROM "schema_migrations" [0m
Migrating to DeviseCreateUsers (20140227224309)
  [1m[35m (0.1ms)[0m  BEGIN
  [1m[36m (4.1ms)[0m  [1mCREATE TABLE "users" ("id" serial primary key, "email" character varying(255) DEFAULT '' NOT NULL, "encrypted_password" character varying(255) DEFAULT '' NOT NULL, "reset_password_token" character varying(255), "reset_password_sent_at" timestamp, "remember_created_at" timestamp, "sign_in_count" integer DEFAULT 0 NOT NULL, "current_sign_in_at" timestamp, "last_sign_in_at" timestamp, "current_sign_in_ip" character varying(255), "last_sign_in_ip" character varying(255), "stage_name" character varying(255), "twitter_handle" character varying(255), "verified" boolean DEFAULT 'f', "city" character varying(255), "state" character varying(255), "country" character varying(255), "genre" character varying(255), "tagline" character varying(255), "story" text, "profile_image_url" character varying(255), "created_at" timestamp NOT NULL, "updated_at" timestamp NOT NULL) [0m
  [1m[35m (1.0ms)[0m  CREATE UNIQUE INDEX "index_users_on_email" ON "users" ("email")
  [1m[36m (0.8ms)[0m  [1mCREATE UNIQUE INDEX "index_users_on_reset_password_token" ON "users" ("reset_password_token")[0m
  [1m[35m (0.3ms)[0m  INSERT INTO "schema_migrations" ("version") VALUES ('20140227224309')
  [1m[36m (0.8ms)[0m  [1mCOMMIT[0m
  [1m[35m (0.2ms)[0m  SELECT "schema_migrations"."version" FROM "schema_migrations" 
Connecting to database specified by database.yml
  [1m[36m (0.3ms)[0m  [1mSELECT "schema_migrations"."version" FROM "schema_migrations" [0m
Connecting to database specified by database.yml
  [1m[36m (0.3ms)[0m  [1mSELECT "schema_migrations"."version" FROM "schema_migrations" [0m
Connecting to database specified by database.yml
  [1m[36m (7.4ms)[0m  [1mCREATE TABLE "users" ("id" serial primary key, "email" character varying(255) DEFAULT '' NOT NULL, "encrypted_password" character varying(255) DEFAULT '' NOT NULL, "reset_password_token" character varying(255), "reset_password_sent_at" timestamp, "remember_created_at" timestamp, "sign_in_count" integer DEFAULT 0 NOT NULL, "current_sign_in_at" timestamp, "last_sign_in_at" timestamp, "current_sign_in_ip" character varying(255), "last_sign_in_ip" character varying(255), "stage_name" character varying(255), "twitter_handle" character varying(255), "verified" boolean DEFAULT 'f', "city" character varying(255), "state" character varying(255), "country" character varying(255), "genre" character varying(255), "tagline" character varying(255), "story" text, "profile_image_url" character varying(255), "created_at" timestamp NOT NULL, "updated_at" timestamp NOT NULL) [0m
  [1m[35m (1.4ms)[0m  CREATE UNIQUE INDEX "index_users_on_email" ON "users" ("email")
  [1m[36m (1.3ms)[0m  [1mCREATE UNIQUE INDEX "index_users_on_reset_password_token" ON "users" ("reset_password_token")[0m
  [1m[35m (1.1ms)[0m  CREATE TABLE "schema_migrations" ("version" character varying(255) NOT NULL) 
  [1m[36m (1.2ms)[0m  [1mCREATE UNIQUE INDEX "unique_schema_migrations" ON "schema_migrations" ("version")[0m
  [1m[35m (0.3ms)[0m  SELECT version FROM "schema_migrations"
  [1m[36m (0.6ms)[0m  [1mINSERT INTO "schema_migrations" (version) VALUES ('20140227224309')[0m
  [1m[35m (0.2ms)[0m  SELECT "schema_migrations"."version" FROM "schema_migrations" 
Connecting to database specified by database.yml
  [1m[36m (2.5ms)[0m  [1mCREATE TABLE "schema_migrations" ("version" character varying(255) NOT NULL) [0m
  [1m[35m (1.8ms)[0m  CREATE UNIQUE INDEX "unique_schema_migrations" ON "schema_migrations" ("version")
  [1m[36m (0.2ms)[0m  [1mSELECT "schema_migrations"."version" FROM "schema_migrations" [0m
Migrating to DeviseCreateUsers (20140227224309)
  [1m[35m (0.1ms)[0m  BEGIN
  [1m[36m (4.2ms)[0m  [1mCREATE TABLE "users" ("id" serial primary key, "email" character varying(255) DEFAULT '' NOT NULL, "encrypted_password" character varying(255) DEFAULT '' NOT NULL, "reset_password_token" character varying(255), "reset_password_sent_at" timestamp, "remember_created_at" timestamp, "sign_in_count" integer DEFAULT 0 NOT NULL, "current_sign_in_at" timestamp, "last_sign_in_at" timestamp, "current_sign_in_ip" character varying(255), "last_sign_in_ip" character varying(255), "first_name" character varying(255), "last_name" character varying(255), "stage_name" character varying(255), "twitter_handle" character varying(255), "verified" boolean DEFAULT 'f', "city" character varying(255), "state" character varying(255), "country" character varying(255), "genre" character varying(255), "tagline" character varying(255), "story" text, "profile_image_url" character varying(255), "created_at" timestamp NOT NULL, "updated_at" timestamp NOT NULL) [0m
  [1m[35m (1.1ms)[0m  CREATE UNIQUE INDEX "index_users_on_email" ON "users" ("email")
  [1m[36m (0.8ms)[0m  [1mCREATE UNIQUE INDEX "index_users_on_reset_password_token" ON "users" ("reset_password_token")[0m
  [1m[35m (0.3ms)[0m  INSERT INTO "schema_migrations" ("version") VALUES ('20140227224309')
  [1m[36m (1.7ms)[0m  [1mCOMMIT[0m
  [1m[35m (0.2ms)[0m  SELECT "schema_migrations"."version" FROM "schema_migrations" 
Connecting to database specified by database.yml
Connecting to database specified by database.yml
  [1m[36m (0.6ms)[0m  [1mSELECT "schema_migrations"."version" FROM "schema_migrations" [0m
Connecting to database specified by database.yml
  [1m[36m (0.3ms)[0m  [1mSELECT "schema_migrations"."version" FROM "schema_migrations" [0m
  [1m[35m (0.1ms)[0m  BEGIN
  [1m[36mUser Exists (1.0ms)[0m  [1mSELECT 1 AS one FROM "users" WHERE "users"."email" = 'marcelo_keeling@willms.com' LIMIT 1[0m
  [1m[35mSQL (3.7ms)[0m  INSERT INTO "users" ("city", "country", "created_at", "current_sign_in_at", "current_sign_in_ip", "email", "encrypted_password", "first_name", "genre", "last_name", "last_sign_in_at", "last_sign_in_ip", "profile_image_url", "remember_created_at", "reset_password_sent_at", "reset_password_token", "sign_in_count", "stage_name", "state", "story", "tagline", "twitter_handle", "updated_at", "verified") VALUES ($1, $2, $3, $4, $5, $6, $7, $8, $9, $10, $11, $12, $13, $14, $15, $16, $17, $18, $19, $20, $21, $22, $23, $24) RETURNING "id"  [["city", "Klockofort"], ["country", "Finland"], ["created_at", Fri, 28 Feb 2014 00:22:23 UTC +00:00], ["current_sign_in_at", nil], ["current_sign_in_ip", nil], ["email", "marcelo_keeling@willms.com"], ["encrypted_password", "$2a$10$82eFcZQP/xhkoJyMj/PVfOQU0bSYr2qzQJlj5Z6Un9UgE7IPGRoBO"], ["first_name", "Amparo"], ["genre", "country"], ["last_name", "Lind"], ["last_sign_in_at", nil], ["last_sign_in_ip", nil], ["profile_image_url", "http://placehold.it/230X180"], ["remember_created_at", nil], ["reset_password_sent_at", nil], ["reset_password_token", nil], ["sign_in_count", 0], ["stage_name", "The Big Show"], ["state", "Nebraska"], ["story", "Sed quasi dolor nesciunt. Enim voluptatem dicta temporibus. Minus asperiores debitis quisquam incidunt voluptates hic."], ["tagline", "is this the interwebs?"], ["twitter_handle", "tbs002"], ["updated_at", Fri, 28 Feb 2014 00:22:23 UTC +00:00], ["verified", true]]
  [1m[36m (0.6ms)[0m  [1mCOMMIT[0m
  [1m[35m (0.1ms)[0m  BEGIN
  [1m[36mUser Exists (0.4ms)[0m  [1mSELECT 1 AS one FROM "users" WHERE "users"."email" = 'alford@bogisich.name' LIMIT 1[0m
  [1m[35mSQL (0.8ms)[0m  INSERT INTO "users" ("city", "country", "created_at", "current_sign_in_at", "current_sign_in_ip", "email", "encrypted_password", "first_name", "genre", "last_name", "last_sign_in_at", "last_sign_in_ip", "profile_image_url", "remember_created_at", "reset_password_sent_at", "reset_password_token", "sign_in_count", "stage_name", "state", "story", "tagline", "twitter_handle", "updated_at", "verified") VALUES ($1, $2, $3, $4, $5, $6, $7, $8, $9, $10, $11, $12, $13, $14, $15, $16, $17, $18, $19, $20, $21, $22, $23, $24) RETURNING "id"  [["city", "Dejahberg"], ["country", "Niue"], ["created_at", Fri, 28 Feb 2014 00:22:23 UTC +00:00], ["current_sign_in_at", nil], ["current_sign_in_ip", nil], ["email", "alford@bogisich.name"], ["encrypted_password", "$2a$10$59GGd5hccptfxzMzor77tOV2SqOgUbQ3qphHDJVSy/fkWhXPd2ROu"], ["first_name", "Nelle"], ["genre", "country"], ["last_name", "Abernathy"], ["last_sign_in_at", nil], ["last_sign_in_ip", nil], ["profile_image_url", "http://placehold.it/230X180"], ["remember_created_at", nil], ["reset_password_sent_at", nil], ["reset_password_token", nil], ["sign_in_count", 0], ["stage_name", "The Big Show"], ["state", "West Virginia"], ["story", "Iure eveniet harum numquam qui excepturi pariatur. Provident ratione molestias earum non. Quia laboriosam provident."], ["tagline", "is this the interwebs?"], ["twitter_handle", "tbs002"], ["updated_at", Fri, 28 Feb 2014 00:22:23 UTC +00:00], ["verified", true]]
  [1m[36m (0.5ms)[0m  [1mCOMMIT[0m
  [1m[35m (0.1ms)[0m  BEGIN
  [1m[36mUser Exists (0.3ms)[0m  [1mSELECT 1 AS one FROM "users" WHERE "users"."email" = 'teie_ruecker@armstrong.com' LIMIT 1[0m
  [1m[35mSQL (0.4ms)[0m  INSERT INTO "users" ("city", "country", "created_at", "current_sign_in_at", "current_sign_in_ip", "email", "encrypted_password", "first_name", "genre", "last_name", "last_sign_in_at", "last_sign_in_ip", "profile_image_url", "remember_created_at", "reset_password_sent_at", "reset_password_token", "sign_in_count", "stage_name", "state", "story", "tagline", "twitter_handle", "updated_at", "verified") VALUES ($1, $2, $3, $4, $5, $6, $7, $8, $9, $10, $11, $12, $13, $14, $15, $16, $17, $18, $19, $20, $21, $22, $23, $24) RETURNING "id"  [["city", "New Lizziehaven"], ["country", "Guernsey"], ["created_at", Fri, 28 Feb 2014 00:22:24 UTC +00:00], ["current_sign_in_at", nil], ["current_sign_in_ip", nil], ["email", "teie_ruecker@armstrong.com"], ["encrypted_password", "$2a$10$ZnzYZlacviRJkjZOdEeKDudWr0W6nLnu.kqeknuW7NXmh0zNVRozi"], ["first_name", "Duane"], ["genre", "country"], ["last_name", "Simonis"], ["last_sign_in_at", nil], ["last_sign_in_ip", nil], ["profile_image_url", "http://placehold.it/230X180"], ["remember_created_at", nil], ["reset_password_sent_at", nil], ["reset_password_token", nil], ["sign_in_count", 0], ["stage_name", "The Big Show"], ["state", "Oklahoma"], ["story", "Est incidunt voluptatem ea molestiae ipsum. Dolore repellendus repudiandae eum voluptatem et sit ipsam. Ut nobis consequuntur molestias totam. Quae deleniti harum tempora sunt. Officiis et beatae suscipit distinctio omnis reiciendis."], ["tagline", "is this the interwebs?"], ["twitter_handle", "tbs002"], ["updated_at", Fri, 28 Feb 2014 00:22:24 UTC +00:00], ["verified", true]]
  [1m[36m (0.5ms)[0m  [1mCOMMIT[0m
  [1m[35m (0.1ms)[0m  BEGIN
  [1m[36mUser Exists (0.3ms)[0m  [1mSELECT 1 AS one FROM "users" WHERE "users"."email" = 'nigel_bernhard@brekke.com' LIMIT 1[0m
  [1m[35mSQL (0.4ms)[0m  INSERT INTO "users" ("city", "country", "created_at", "current_sign_in_at", "current_sign_in_ip", "email", "encrypted_password", "first_name", "genre", "last_name", "last_sign_in_at", "last_sign_in_ip", "profile_image_url", "remember_created_at", "reset_password_sent_at", "reset_password_token", "sign_in_count", "stage_name", "state", "story", "tagline", "twitter_handle", "updated_at", "verified") VALUES ($1, $2, $3, $4, $5, $6, $7, $8, $9, $10, $11, $12, $13, $14, $15, $16, $17, $18, $19, $20, $21, $22, $23, $24) RETURNING "id"  [["city", "Luciousport"], ["country", "Antarctica (the territory South of 60 deg S)"], ["created_at", Fri, 28 Feb 2014 00:22:24 UTC +00:00], ["current_sign_in_at", nil], ["current_sign_in_ip", nil], ["email", "nigel_bernhard@brekke.com"], ["encrypted_password", "$2a$10$VX8Jxsmjlj2zhEEAFYi9rOf1NmyQ.IbS7vplNp8H3RArKiI.KjADm"], ["first_name", "Maryse"], ["genre", "country"], ["last_name", "Brown"], ["last_sign_in_at", nil], ["last_sign_in_ip", nil], ["profile_image_url", "http://placehold.it/230X180"], ["remember_created_at", nil], ["reset_password_sent_at", nil], ["reset_password_token", nil], ["sign_in_count", 0], ["stage_name", "The Big Show"], ["state", "Tennessee"], ["story", "Minima id quasi ea velit sapiente. Qui debitis molestiae eos eligendi. Nihil molestiae qui. Quia veritatis sed consectetur eligendi vel."], ["tagline", "is this the interwebs?"], ["twitter_handle", "tbs002"], ["updated_at", Fri, 28 Feb 2014 00:22:24 UTC +00:00], ["verified", true]]
  [1m[36m (0.5ms)[0m  [1mCOMMIT[0m
  [1m[35m (0.1ms)[0m  BEGIN
  [1m[36mUser Exists (0.3ms)[0m  [1mSELECT 1 AS one FROM "users" WHERE "users"."email" = 'winston@denesik.com' LIMIT 1[0m
  [1m[35mSQL (0.4ms)[0m  INSERT INTO "users" ("city", "country", "created_at", "current_sign_in_at", "current_sign_in_ip", "email", "encrypted_password", "first_name", "genre", "last_name", "last_sign_in_at", "last_sign_in_ip", "profile_image_url", "remember_created_at", "reset_password_sent_at", "reset_password_token", "sign_in_count", "stage_name", "state", "story", "tagline", "twitter_handle", "updated_at", "verified") VALUES ($1, $2, $3, $4, $5, $6, $7, $8, $9, $10, $11, $12, $13, $14, $15, $16, $17, $18, $19, $20, $21, $22, $23, $24) RETURNING "id"  [["city", "Lake Marjorieside"], ["country", "Czech Republic"], ["created_at", Fri, 28 Feb 2014 00:22:24 UTC +00:00], ["current_sign_in_at", nil], ["current_sign_in_ip", nil], ["email", "winston@denesik.com"], ["encrypted_password", "$2a$10$1ult3FlFpFlwu35.NEBWt.XvnXvqTh7gayNs95KGcptCRINY6qaei"], ["first_name", "Tatum"], ["genre", "country"], ["last_name", "Haley"], ["last_sign_in_at", nil], ["last_sign_in_ip", nil], ["profile_image_url", "http://placehold.it/230X180"], ["remember_created_at", nil], ["reset_password_sent_at", nil], ["reset_password_token", nil], ["sign_in_count", 0], ["stage_name", "The Big Show"], ["state", "West Virginia"], ["story", "Rerum autem eos. Corrupti placeat cumque qui necessitatibus dolor id. Sit soluta illum."], ["tagline", "is this the interwebs?"], ["twitter_handle", "tbs002"], ["updated_at", Fri, 28 Feb 2014 00:22:24 UTC +00:00], ["verified", true]]
  [1m[36m (0.6ms)[0m  [1mCOMMIT[0m
  [1m[35m (0.1ms)[0m  BEGIN
  [1m[36mUser Exists (0.3ms)[0m  [1mSELECT 1 AS one FROM "users" WHERE "users"."email" = 'lorenz@buckridgedonnelly.net' LIMIT 1[0m
  [1m[35mSQL (0.4ms)[0m  INSERT INTO "users" ("city", "country", "created_at", "current_sign_in_at", "current_sign_in_ip", "email", "encrypted_password", "first_name", "genre", "last_name", "last_sign_in_at", "last_sign_in_ip", "profile_image_url", "remember_created_at", "reset_password_sent_at", "reset_password_token", "sign_in_count", "stage_name", "state", "story", "tagline", "twitter_handle", "updated_at", "verified") VALUES ($1, $2, $3, $4, $5, $6, $7, $8, $9, $10, $11, $12, $13, $14, $15, $16, $17, $18, $19, $20, $21, $22, $23, $24) RETURNING "id"  [["city", "Kilbacktown"], ["country", "Brunei Darussalam"], ["created_at", Fri, 28 Feb 2014 00:22:24 UTC +00:00], ["current_sign_in_at", nil], ["current_sign_in_ip", nil], ["email", "lorenz@buckridgedonnelly.net"], ["encrypted_password", "$2a$10$aazF3dmQo6AtRcJCcyEhzOrVG4q8DaVRSBfB11VMVT8Defq.JDHFi"], ["first_name", "Abby"], ["genre", "country"], ["last_name", "Davis"], ["last_sign_in_at", nil], ["last_sign_in_ip", nil], ["profile_image_url", "http://placehold.it/230X180"], ["remember_created_at", nil], ["reset_password_sent_at", nil], ["reset_password_token", nil], ["sign_in_count", 0], ["stage_name", "The Big Show"], ["state", "Vermont"], ["story", "Repellendus numquam quia alias eligendi neque. Ut enim dolorum hic. Natus accusamus voluptas excepturi autem et aut."], ["tagline", "is this the interwebs?"], ["twitter_handle", "tbs002"], ["updated_at", Fri, 28 Feb 2014 00:22:24 UTC +00:00], ["verified", true]]
  [1m[36m (0.6ms)[0m  [1mCOMMIT[0m
  [1m[35m (0.1ms)[0m  BEGIN
  [1m[36mUser Exists (0.3ms)[0m  [1mSELECT 1 AS one FROM "users" WHERE "users"."email" = 'davonte@haleylangosh.net' LIMIT 1[0m
  [1m[35mSQL (0.3ms)[0m  INSERT INTO "users" ("city", "country", "created_at", "current_sign_in_at", "current_sign_in_ip", "email", "encrypted_password", "first_name", "genre", "last_name", "last_sign_in_at", "last_sign_in_ip", "profile_image_url", "remember_created_at", "reset_password_sent_at", "reset_password_token", "sign_in_count", "stage_name", "state", "story", "tagline", "twitter_handle", "updated_at", "verified") VALUES ($1, $2, $3, $4, $5, $6, $7, $8, $9, $10, $11, $12, $13, $14, $15, $16, $17, $18, $19, $20, $21, $22, $23, $24) RETURNING "id"  [["city", "Elyssafort"], ["country", "Togo"], ["created_at", Fri, 28 Feb 2014 00:22:24 UTC +00:00], ["current_sign_in_at", nil], ["current_sign_in_ip", nil], ["email", "davonte@haleylangosh.net"], ["encrypted_password", "$2a$10$2RU7nKWKpEZyAq5.fJbtIeAdl2UM5uOGksNCH2GhApdagZ16fFtw6"], ["first_name", "Amos"], ["genre", "country"], ["last_name", "Johns"], ["last_sign_in_at", nil], ["last_sign_in_ip", nil], ["profile_image_url", "http://placehold.it/230X180"], ["remember_created_at", nil], ["reset_password_sent_at", nil], ["reset_password_token", nil], ["sign_in_count", 0], ["stage_name", "The Big Show"], ["state", "New Hampshire"], ["story", "Harum voluptatem praesentium et ducimus. Quia sed beatae amet quo. Ut non perferendis et omnis recusandae."], ["tagline", "is this the interwebs?"], ["twitter_handle", "tbs002"], ["updated_at", Fri, 28 Feb 2014 00:22:24 UTC +00:00], ["verified", true]]
  [1m[36m (0.5ms)[0m  [1mCOMMIT[0m
  [1m[35m (0.1ms)[0m  BEGIN
  [1m[36mUser Exists (0.3ms)[0m  [1mSELECT 1 AS one FROM "users" WHERE "users"."email" = 'macy@kohler.org' LIMIT 1[0m
  [1m[35mSQL (0.5ms)[0m  INSERT INTO "users" ("city", "country", "created_at", "current_sign_in_at", "current_sign_in_ip", "email", "encrypted_password", "first_name", "genre", "last_name", "last_sign_in_at", "last_sign_in_ip", "profile_image_url", "remember_created_at", "reset_password_sent_at", "reset_password_token", "sign_in_count", "stage_name", "state", "story", "tagline", "twitter_handle", "updated_at", "verified") VALUES ($1, $2, $3, $4, $5, $6, $7, $8, $9, $10, $11, $12, $13, $14, $15, $16, $17, $18, $19, $20, $21, $22, $23, $24) RETURNING "id"  [["city", "Port Deechester"], ["country", "Latvia"], ["created_at", Fri, 28 Feb 2014 00:22:24 UTC +00:00], ["current_sign_in_at", nil], ["current_sign_in_ip", nil], ["email", "macy@kohler.org"], ["encrypted_password", "$2a$10$KwbZScRymvYWbGv4yCIlweTUzsgtqgm7zzNHus40t5R6PraHjO8t6"], ["first_name", "Lester"], ["genre", "country"], ["last_name", "Bartoletti"], ["last_sign_in_at", nil], ["last_sign_in_ip", nil], ["profile_image_url", "http://placehold.it/230X180"], ["remember_created_at", nil], ["reset_password_sent_at", nil], ["reset_password_token", nil], ["sign_in_count", 0], ["stage_name", "The Big Show"], ["state", "Nebraska"], ["story", "Ea nam laboriosam maiores dolore accusantium ut dolorum. Voluptas eius sapiente cupiditate facilis dolor et natus. Voluptates beatae tempore."], ["tagline", "is this the interwebs?"], ["twitter_handle", "tbs002"], ["updated_at", Fri, 28 Feb 2014 00:22:24 UTC +00:00], ["verified", true]]
  [1m[36m (0.6ms)[0m  [1mCOMMIT[0m
  [1m[35m (0.1ms)[0m  BEGIN
  [1m[36mUser Exists (0.3ms)[0m  [1mSELECT 1 AS one FROM "users" WHERE "users"."email" = 'noble@littleoconnell.name' LIMIT 1[0m
  [1m[35mSQL (0.3ms)[0m  INSERT INTO "users" ("city", "country", "created_at", "current_sign_in_at", "current_sign_in_ip", "email", "encrypted_password", "first_name", "genre", "last_name", "last_sign_in_at", "last_sign_in_ip", "profile_image_url", "remember_created_at", "reset_password_sent_at", "reset_password_token", "sign_in_count", "stage_name", "state", "story", "tagline", "twitter_handle", "updated_at", "verified") VALUES ($1, $2, $3, $4, $5, $6, $7, $8, $9, $10, $11, $12, $13, $14, $15, $16, $17, $18, $19, $20, $21, $22, $23, $24) RETURNING "id"  [["city", "South Nigelfurt"], ["country", "Guatemala"], ["created_at", Fri, 28 Feb 2014 00:22:24 UTC +00:00], ["current_sign_in_at", nil], ["current_sign_in_ip", nil], ["email", "noble@littleoconnell.name"], ["encrypted_password", "$2a$10$iJnDjop19h5GbMgm/8PWoe.F6g5JQV/fG8D0FU3iseErYhzQ6SyL."], ["first_name", "Roosevelt"], ["genre", "country"], ["last_name", "Gislason"], ["last_sign_in_at", nil], ["last_sign_in_ip", nil], ["profile_image_url", "http://placehold.it/230X180"], ["remember_created_at", nil], ["reset_password_sent_at", nil], ["reset_password_token", nil], ["sign_in_count", 0], ["stage_name", "The Big Show"], ["state", "Florida"], ["story", "Possimus omnis ullam et. Blanditiis id ad assumenda voluptas expedita amet dolorem. Non voluptatem possimus ullam maxime perferendis aut."], ["tagline", "is this the interwebs?"], ["twitter_handle", "tbs002"], ["updated_at", Fri, 28 Feb 2014 00:22:24 UTC +00:00], ["verified", true]]
  [1m[36m (0.5ms)[0m  [1mCOMMIT[0m
  [1m[35m (0.1ms)[0m  BEGIN
  [1m[36mUser Exists (0.3ms)[0m  [1mSELECT 1 AS one FROM "users" WHERE "users"."email" = 'lempi_nitzsche@hoppestiedemann.org' LIMIT 1[0m
  [1m[35mSQL (0.4ms)[0m  INSERT INTO "users" ("city", "country", "created_at", "current_sign_in_at", "current_sign_in_ip", "email", "encrypted_password", "first_name", "genre", "last_name", "last_sign_in_at", "last_sign_in_ip", "profile_image_url", "remember_created_at", "reset_password_sent_at", "reset_password_token", "sign_in_count", "stage_name", "state", "story", "tagline", "twitter_handle", "updated_at", "verified") VALUES ($1, $2, $3, $4, $5, $6, $7, $8, $9, $10, $11, $12, $13, $14, $15, $16, $17, $18, $19, $20, $21, $22, $23, $24) RETURNING "id"  [["city", "Daughertyside"], ["country", "Hong Kong"], ["created_at", Fri, 28 Feb 2014 00:22:24 UTC +00:00], ["current_sign_in_at", nil], ["current_sign_in_ip", nil], ["email", "lempi_nitzsche@hoppestiedemann.org"], ["encrypted_password", "$2a$10$RITPeYDrwufcFaUW7K6vYu1lgD2uqrBjcomfNX6Et.1C7ZzGMnNeC"], ["first_name", "Antonia"], ["genre", "country"], ["last_name", "Carroll"], ["last_sign_in_at", nil], ["last_sign_in_ip", nil], ["profile_image_url", "http://placehold.it/230X180"], ["remember_created_at", nil], ["reset_password_sent_at", nil], ["reset_password_token", nil], ["sign_in_count", 0], ["stage_name", "The Big Show"], ["state", "Idaho"], ["story", "Facilis at nobis ea est id non. Iusto assumenda quibusdam temporibus repudiandae qui. Vel nemo dignissimos et quis veniam. Sint consequatur qui doloremque consectetur repellat."], ["tagline", "is this the interwebs?"], ["twitter_handle", "tbs002"], ["updated_at", Fri, 28 Feb 2014 00:22:24 UTC +00:00], ["verified", true]]
  [1m[36m (0.5ms)[0m  [1mCOMMIT[0m
  [1m[35m (0.1ms)[0m  BEGIN
  [1m[36mUser Exists (0.3ms)[0m  [1mSELECT 1 AS one FROM "users" WHERE "users"."email" = 'dorcas_treutel@goodwin.biz' LIMIT 1[0m
  [1m[35mSQL (0.3ms)[0m  INSERT INTO "users" ("city", "country", "created_at", "current_sign_in_at", "current_sign_in_ip", "email", "encrypted_password", "first_name", "genre", "last_name", "last_sign_in_at", "last_sign_in_ip", "profile_image_url", "remember_created_at", "reset_password_sent_at", "reset_password_token", "sign_in_count", "stage_name", "state", "story", "tagline", "twitter_handle", "updated_at", "verified") VALUES ($1, $2, $3, $4, $5, $6, $7, $8, $9, $10, $11, $12, $13, $14, $15, $16, $17, $18, $19, $20, $21, $22, $23, $24) RETURNING "id"  [["city", "Hillsville"], ["country", "French Guiana"], ["created_at", Fri, 28 Feb 2014 00:22:24 UTC +00:00], ["current_sign_in_at", nil], ["current_sign_in_ip", nil], ["email", "dorcas_treutel@goodwin.biz"], ["encrypted_password", "$2a$10$jZQppAlv.K5nGlvPUm/fs.r92z/vmzIsbSEIVqk4v2eCKyulJsXgu"], ["first_name", "Heber"], ["genre", "country"], ["last_name", "Schamberger"], ["last_sign_in_at", nil], ["last_sign_in_ip", nil], ["profile_image_url", "http://placehold.it/230X180"], ["remember_created_at", nil], ["reset_password_sent_at", nil], ["reset_password_token", nil], ["sign_in_count", 0], ["stage_name", "The Big Show"], ["state", "Kentucky"], ["story", "Voluptatem dignissimos ullam quidem. Non ducimus dolores qui quis doloremque. Illo architecto qui ipsa."], ["tagline", "is this the interwebs?"], ["twitter_handle", "tbs002"], ["updated_at", Fri, 28 Feb 2014 00:22:24 UTC +00:00], ["verified", true]]
  [1m[36m (0.5ms)[0m  [1mCOMMIT[0m
  [1m[35m (0.1ms)[0m  BEGIN
  [1m[36mUser Exists (0.3ms)[0m  [1mSELECT 1 AS one FROM "users" WHERE "users"."email" = 'candelario_tillman@hammes.com' LIMIT 1[0m
  [1m[35mSQL (0.4ms)[0m  INSERT INTO "users" ("city", "country", "created_at", "current_sign_in_at", "current_sign_in_ip", "email", "encrypted_password", "first_name", "genre", "last_name", "last_sign_in_at", "last_sign_in_ip", "profile_image_url", "remember_created_at", "reset_password_sent_at", "reset_password_token", "sign_in_count", "stage_name", "state", "story", "tagline", "twitter_handle", "updated_at", "verified") VALUES ($1, $2, $3, $4, $5, $6, $7, $8, $9, $10, $11, $12, $13, $14, $15, $16, $17, $18, $19, $20, $21, $22, $23, $24) RETURNING "id"  [["city", "East Leilani"], ["country", "Mauritius"], ["created_at", Fri, 28 Feb 2014 00:22:24 UTC +00:00], ["current_sign_in_at", nil], ["current_sign_in_ip", nil], ["email", "candelario_tillman@hammes.com"], ["encrypted_password", "$2a$10$39XTnn1wjOXCvTmp25Q3ceQkvmEXyZMxv2IewK2lPWpKsjVhvLPHq"], ["first_name", "Verda"], ["genre", "country"], ["last_name", "Lockman"], ["last_sign_in_at", nil], ["last_sign_in_ip", nil], ["profile_image_url", "http://placehold.it/230X180"], ["remember_created_at", nil], ["reset_password_sent_at", nil], ["reset_password_token", nil], ["sign_in_count", 0], ["stage_name", "The Big Show"], ["state", "Vermont"], ["story", "Sunt dolor consequatur enim laboriosam nam ut non. Id placeat maxime officia aut ad. Ut laborum occaecati non doloremque et. A maiores reprehenderit. Sit dolore perspiciatis."], ["tagline", "is this the interwebs?"], ["twitter_handle", "tbs002"], ["updated_at", Fri, 28 Feb 2014 00:22:24 UTC +00:00], ["verified", true]]
  [1m[36m (0.5ms)[0m  [1mCOMMIT[0m
  [1m[35m (0.1ms)[0m  BEGIN
  [1m[36mUser Exists (0.3ms)[0m  [1mSELECT 1 AS one FROM "users" WHERE "users"."email" = 'skyla@kuhlman.info' LIMIT 1[0m
  [1m[35mSQL (0.3ms)[0m  INSERT INTO "users" ("city", "country", "created_at", "current_sign_in_at", "current_sign_in_ip", "email", "encrypted_password", "first_name", "genre", "last_name", "last_sign_in_at", "last_sign_in_ip", "profile_image_url", "remember_created_at", "reset_password_sent_at", "reset_password_token", "sign_in_count", "stage_name", "state", "story", "tagline", "twitter_handle", "updated_at", "verified") VALUES ($1, $2, $3, $4, $5, $6, $7, $8, $9, $10, $11, $12, $13, $14, $15, $16, $17, $18, $19, $20, $21, $22, $23, $24) RETURNING "id"  [["city", "Brycenshire"], ["country", "Ghana"], ["created_at", Fri, 28 Feb 2014 00:22:24 UTC +00:00], ["current_sign_in_at", nil], ["current_sign_in_ip", nil], ["email", "skyla@kuhlman.info"], ["encrypted_password", "$2a$10$kD3tdLDuGuQrQ5tKVkCCq.KHG4KcJYrQhYF9QcfnPQ1pXlqKNQDy6"], ["first_name", "Emma"], ["genre", "country"], ["last_name", "Breitenberg"], ["last_sign_in_at", nil], ["last_sign_in_ip", nil], ["profile_image_url", "http://placehold.it/230X180"], ["remember_created_at", nil], ["reset_password_sent_at", nil], ["reset_password_token", nil], ["sign_in_count", 0], ["stage_name", "The Big Show"], ["state", "Kentucky"], ["story", "Id eveniet perferendis natus officiis ipsum earum rerum. Dolorem consectetur illo et ut qui quis. Ea ullam nobis."], ["tagline", "is this the interwebs?"], ["twitter_handle", "tbs002"], ["updated_at", Fri, 28 Feb 2014 00:22:24 UTC +00:00], ["verified", true]]
  [1m[36m (0.5ms)[0m  [1mCOMMIT[0m
  [1m[35m (0.1ms)[0m  BEGIN
  [1m[36mUser Exists (0.3ms)[0m  [1mSELECT 1 AS one FROM "users" WHERE "users"."email" = 'kayden.schiller@hilpert.org' LIMIT 1[0m
  [1m[35mSQL (0.3ms)[0m  INSERT INTO "users" ("city", "country", "created_at", "current_sign_in_at", "current_sign_in_ip", "email", "encrypted_password", "first_name", "genre", "last_name", "last_sign_in_at", "last_sign_in_ip", "profile_image_url", "remember_created_at", "reset_password_sent_at", "reset_password_token", "sign_in_count", "stage_name", "state", "story", "tagline", "twitter_handle", "updated_at", "verified") VALUES ($1, $2, $3, $4, $5, $6, $7, $8, $9, $10, $11, $12, $13, $14, $15, $16, $17, $18, $19, $20, $21, $22, $23, $24) RETURNING "id"  [["city", "Lake Giovaniberg"], ["country", "Panama"], ["created_at", Fri, 28 Feb 2014 00:22:24 UTC +00:00], ["current_sign_in_at", nil], ["current_sign_in_ip", nil], ["email", "kayden.schiller@hilpert.org"], ["encrypted_password", "$2a$10$pIG/igO8PtTG0EYI1o6Sb.qdjlI/Nr.z.iLXLK4veiL8FjxTZ6.zG"], ["first_name", "Stan"], ["genre", "country"], ["last_name", "Gibson"], ["last_sign_in_at", nil], ["last_sign_in_ip", nil], ["profile_image_url", "http://placehold.it/230X180"], ["remember_created_at", nil], ["reset_password_sent_at", nil], ["reset_password_token", nil], ["sign_in_count", 0], ["stage_name", "The Big Show"], ["state", "Connecticut"], ["story", "Velit officia ea cum cupiditate. Eveniet impedit inventore dolor voluptatem ratione veniam repudiandae. Praesentium explicabo occaecati velit beatae corrupti alias ullam."], ["tagline", "is this the interwebs?"], ["twitter_handle", "tbs002"], ["updated_at", Fri, 28 Feb 2014 00:22:24 UTC +00:00], ["verified", true]]
  [1m[36m (0.6ms)[0m  [1mCOMMIT[0m
  [1m[35m (0.1ms)[0m  BEGIN
  [1m[36mUser Exists (0.3ms)[0m  [1mSELECT 1 AS one FROM "users" WHERE "users"."email" = 'kelton@weinatkohler.com' LIMIT 1[0m
  [1m[35mSQL (0.3ms)[0m  INSERT INTO "users" ("city", "country", "created_at", "current_sign_in_at", "current_sign_in_ip", "email", "encrypted_password", "first_name", "genre", "last_name", "last_sign_in_at", "last_sign_in_ip", "profile_image_url", "remember_created_at", "reset_password_sent_at", "reset_password_token", "sign_in_count", "stage_name", "state", "story", "tagline", "twitter_handle", "updated_at", "verified") VALUES ($1, $2, $3, $4, $5, $6, $7, $8, $9, $10, $11, $12, $13, $14, $15, $16, $17, $18, $19, $20, $21, $22, $23, $24) RETURNING "id"  [["city", "Lacybury"], ["country", "Brazil"], ["created_at", Fri, 28 Feb 2014 00:22:25 UTC +00:00], ["current_sign_in_at", nil], ["current_sign_in_ip", nil], ["email", "kelton@weinatkohler.com"], ["encrypted_password", "$2a$10$Y1HHdPC8A6hiZtRb3DVjBefYjf4yC26oLQbaxfVVoUT0FJdbH0Kdq"], ["first_name", "Elvera"], ["genre", "country"], ["last_name", "Greenholt"], ["last_sign_in_at", nil], ["last_sign_in_ip", nil], ["profile_image_url", "http://placehold.it/230X180"], ["remember_created_at", nil], ["reset_password_sent_at", nil], ["reset_password_token", nil], ["sign_in_count", 0], ["stage_name", "The Big Show"], ["state", "Iowa"], ["story", "Repellat non qui. Mollitia sed omnis. Odit culpa qui ab quasi dolorem molestiae. Inventore ut nihil consequatur."], ["tagline", "is this the interwebs?"], ["twitter_handle", "tbs002"], ["updated_at", Fri, 28 Feb 2014 00:22:25 UTC +00:00], ["verified", true]]
  [1m[36m (0.5ms)[0m  [1mCOMMIT[0m
  [1m[35m (0.1ms)[0m  BEGIN
  [1m[36mUser Exists (0.3ms)[0m  [1mSELECT 1 AS one FROM "users" WHERE "users"."email" = 'ola@brekke.org' LIMIT 1[0m
  [1m[35mSQL (0.4ms)[0m  INSERT INTO "users" ("city", "country", "created_at", "current_sign_in_at", "current_sign_in_ip", "email", "encrypted_password", "first_name", "genre", "last_name", "last_sign_in_at", "last_sign_in_ip", "profile_image_url", "remember_created_at", "reset_password_sent_at", "reset_password_token", "sign_in_count", "stage_name", "state", "story", "tagline", "twitter_handle", "updated_at", "verified") VALUES ($1, $2, $3, $4, $5, $6, $7, $8, $9, $10, $11, $12, $13, $14, $15, $16, $17, $18, $19, $20, $21, $22, $23, $24) RETURNING "id"  [["city", "Blockfurt"], ["country", "Poland"], ["created_at", Fri, 28 Feb 2014 00:22:25 UTC +00:00], ["current_sign_in_at", nil], ["current_sign_in_ip", nil], ["email", "ola@brekke.org"], ["encrypted_password", "$2a$10$UHBY4WoBfR53LKGwc4c.T./q5ENbmJ3.cVYP20f/6wL3.Bs2x9x8i"], ["first_name", "Beatrice"], ["genre", "country"], ["last_name", "Ritchie"], ["last_sign_in_at", nil], ["last_sign_in_ip", nil], ["profile_image_url", "http://placehold.it/230X180"], ["remember_created_at", nil], ["reset_password_sent_at", nil], ["reset_password_token", nil], ["sign_in_count", 0], ["stage_name", "The Big Show"], ["state", "North Dakota"], ["story", "Consequatur sint dignissimos hic. Veniam in non nisi occaecati ad suscipit sed. Molestiae architecto qui magni est sed ut maiores."], ["tagline", "is this the interwebs?"], ["twitter_handle", "tbs002"], ["updated_at", Fri, 28 Feb 2014 00:22:25 UTC +00:00], ["verified", true]]
  [1m[36m (0.5ms)[0m  [1mCOMMIT[0m
  [1m[35m (0.1ms)[0m  BEGIN
  [1m[36mUser Exists (0.3ms)[0m  [1mSELECT 1 AS one FROM "users" WHERE "users"."email" = 'kattie.stehr@feilhartmann.com' LIMIT 1[0m
  [1m[35mSQL (0.3ms)[0m  INSERT INTO "users" ("city", "country", "created_at", "current_sign_in_at", "current_sign_in_ip", "email", "encrypted_password", "first_name", "genre", "last_name", "last_sign_in_at", "last_sign_in_ip", "profile_image_url", "remember_created_at", "reset_password_sent_at", "reset_password_token", "sign_in_count", "stage_name", "state", "story", "tagline", "twitter_handle", "updated_at", "verified") VALUES ($1, $2, $3, $4, $5, $6, $7, $8, $9, $10, $11, $12, $13, $14, $15, $16, $17, $18, $19, $20, $21, $22, $23, $24) RETURNING "id"  [["city", "North Keiraton"], ["country", "Philippines"], ["created_at", Fri, 28 Feb 2014 00:22:25 UTC +00:00], ["current_sign_in_at", nil], ["current_sign_in_ip", nil], ["email", "kattie.stehr@feilhartmann.com"], ["encrypted_password", "$2a$10$TPV18CCTFLcEFXxED4/.m.GxGUXHS8eDDaq8Q/u5v6AkvmPZ0f1Ae"], ["first_name", "Gerardo"], ["genre", "country"], ["last_name", "Bosco"], ["last_sign_in_at", nil], ["last_sign_in_ip", nil], ["profile_image_url", "http://placehold.it/230X180"], ["remember_created_at", nil], ["reset_password_sent_at", nil], ["reset_password_token", nil], ["sign_in_count", 0], ["stage_name", "The Big Show"], ["state", "Colorado"], ["story", "Quis dolorem eos quidem vel. Et quo id aut. Voluptatum dolorem assumenda id vel."], ["tagline", "is this the interwebs?"], ["twitter_handle", "tbs002"], ["updated_at", Fri, 28 Feb 2014 00:22:25 UTC +00:00], ["verified", true]]
  [1m[36m (0.5ms)[0m  [1mCOMMIT[0m
  [1m[35m (0.1ms)[0m  BEGIN
  [1m[36mUser Exists (0.3ms)[0m  [1mSELECT 1 AS one FROM "users" WHERE "users"."email" = 'kari@schinner.name' LIMIT 1[0m
  [1m[35mSQL (0.3ms)[0m  INSERT INTO "users" ("city", "country", "created_at", "current_sign_in_at", "current_sign_in_ip", "email", "encrypted_password", "first_name", "genre", "last_name", "last_sign_in_at", "last_sign_in_ip", "profile_image_url", "remember_created_at", "reset_password_sent_at", "reset_password_token", "sign_in_count", "stage_name", "state", "story", "tagline", "twitter_handle", "updated_at", "verified") VALUES ($1, $2, $3, $4, $5, $6, $7, $8, $9, $10, $11, $12, $13, $14, $15, $16, $17, $18, $19, $20, $21, $22, $23, $24) RETURNING "id"  [["city", "Smithton"], ["country", "Pitcairn Islands"], ["created_at", Fri, 28 Feb 2014 00:22:25 UTC +00:00], ["current_sign_in_at", nil], ["current_sign_in_ip", nil], ["email", "kari@schinner.name"], ["encrypted_password", "$2a$10$HDYN4MOtAvvmjvywiu4HTuZdom/qygGtmVhy35Td.SgZpC6pAJ87."], ["first_name", "Jeffry"], ["genre", "country"], ["last_name", "McClure"], ["last_sign_in_at", nil], ["last_sign_in_ip", nil], ["profile_image_url", "http://placehold.it/230X180"], ["remember_created_at", nil], ["reset_password_sent_at", nil], ["reset_password_token", nil], ["sign_in_count", 0], ["stage_name", "The Big Show"], ["state", "Georgia"], ["story", "Sint quod cupiditate sed consectetur illo maxime possimus. Itaque repudiandae maiores facilis. Sit excepturi atque ullam commodi cupiditate sequi. Placeat praesentium in veniam eligendi."], ["tagline", "is this the interwebs?"], ["twitter_handle", "tbs002"], ["updated_at", Fri, 28 Feb 2014 00:22:25 UTC +00:00], ["verified", true]]
  [1m[36m (0.5ms)[0m  [1mCOMMIT[0m
  [1m[35m (0.1ms)[0m  BEGIN
  [1m[36mUser Exists (0.3ms)[0m  [1mSELECT 1 AS one FROM "users" WHERE "users"."email" = 'clinton.greenfelder@mayer.name' LIMIT 1[0m
  [1m[35mSQL (0.3ms)[0m  INSERT INTO "users" ("city", "country", "created_at", "current_sign_in_at", "current_sign_in_ip", "email", "encrypted_password", "first_name", "genre", "last_name", "last_sign_in_at", "last_sign_in_ip", "profile_image_url", "remember_created_at", "reset_password_sent_at", "reset_password_token", "sign_in_count", "stage_name", "state", "story", "tagline", "twitter_handle", "updated_at", "verified") VALUES ($1, $2, $3, $4, $5, $6, $7, $8, $9, $10, $11, $12, $13, $14, $15, $16, $17, $18, $19, $20, $21, $22, $23, $24) RETURNING "id"  [["city", "Lake Ettieville"], ["country", "Trinidad and Tobago"], ["created_at", Fri, 28 Feb 2014 00:22:25 UTC +00:00], ["current_sign_in_at", nil], ["current_sign_in_ip", nil], ["email", "clinton.greenfelder@mayer.name"], ["encrypted_password", "$2a$10$gPWMlPyA9wsSkG/2.Li6wO.sip/4WmeJOgyXWqQj75Hq3mH/BbDWq"], ["first_name", "Abagail"], ["genre", "country"], ["last_name", "Kuphal"], ["last_sign_in_at", nil], ["last_sign_in_ip", nil], ["profile_image_url", "http://placehold.it/230X180"], ["remember_created_at", nil], ["reset_password_sent_at", nil], ["reset_password_token", nil], ["sign_in_count", 0], ["stage_name", "The Big Show"], ["state", "California"], ["story", "Dolor velit blanditiis consequatur est amet. Vel veritatis adipisci quis voluptatibus dignissimos ut. Maxime quia veniam impedit. Qui qui dolor eum."], ["tagline", "is this the interwebs?"], ["twitter_handle", "tbs002"], ["updated_at", Fri, 28 Feb 2014 00:22:25 UTC +00:00], ["verified", true]]
  [1m[36m (0.5ms)[0m  [1mCOMMIT[0m
  [1m[35m (0.1ms)[0m  BEGIN
  [1m[36mUser Exists (0.3ms)[0m  [1mSELECT 1 AS one FROM "users" WHERE "users"."email" = 'carmel.hudson@pagac.biz' LIMIT 1[0m
  [1m[35mSQL (0.7ms)[0m  INSERT INTO "users" ("city", "country", "created_at", "current_sign_in_at", "current_sign_in_ip", "email", "encrypted_password", "first_name", "genre", "last_name", "last_sign_in_at", "last_sign_in_ip", "profile_image_url", "remember_created_at", "reset_password_sent_at", "reset_password_token", "sign_in_count", "stage_name", "state", "story", "tagline", "twitter_handle", "updated_at", "verified") VALUES ($1, $2, $3, $4, $5, $6, $7, $8, $9, $10, $11, $12, $13, $14, $15, $16, $17, $18, $19, $20, $21, $22, $23, $24) RETURNING "id"  [["city", "Darioshire"], ["country", "New Zealand"], ["created_at", Fri, 28 Feb 2014 00:22:25 UTC +00:00], ["current_sign_in_at", nil], ["current_sign_in_ip", nil], ["email", "carmel.hudson@pagac.biz"], ["encrypted_password", "$2a$10$213mPWtjgbJqngoRoFuasenZqb7Gu2lf/cTQ2KKrQ/WvsdCOxR2xG"], ["first_name", "Jerome"], ["genre", "country"], ["last_name", "Bailey"], ["last_sign_in_at", nil], ["last_sign_in_ip", nil], ["profile_image_url", "http://placehold.it/230X180"], ["remember_created_at", nil], ["reset_password_sent_at", nil], ["reset_password_token", nil], ["sign_in_count", 0], ["stage_name", "The Big Show"], ["state", "Rhode Island"], ["story", "Occaecati exercitationem aut quia qui explicabo beatae. Et aut natus minima. Vitae eum ea quae culpa. Esse et ad aut aperiam."], ["tagline", "is this the interwebs?"], ["twitter_handle", "tbs002"], ["updated_at", Fri, 28 Feb 2014 00:22:25 UTC +00:00], ["verified", true]]
  [1m[36m (0.6ms)[0m  [1mCOMMIT[0m
  [1m[35m (0.1ms)[0m  BEGIN
  [1m[36mUser Exists (0.3ms)[0m  [1mSELECT 1 AS one FROM "users" WHERE "users"."email" = 'kelton@mertz.org' LIMIT 1[0m
  [1m[35mSQL (0.3ms)[0m  INSERT INTO "users" ("city", "country", "created_at", "current_sign_in_at", "current_sign_in_ip", "email", "encrypted_password", "first_name", "genre", "last_name", "last_sign_in_at", "last_sign_in_ip", "profile_image_url", "remember_created_at", "reset_password_sent_at", "reset_password_token", "sign_in_count", "stage_name", "state", "story", "tagline", "twitter_handle", "updated_at", "verified") VALUES ($1, $2, $3, $4, $5, $6, $7, $8, $9, $10, $11, $12, $13, $14, $15, $16, $17, $18, $19, $20, $21, $22, $23, $24) RETURNING "id"  [["city", "Sanfordview"], ["country", "Belarus"], ["created_at", Fri, 28 Feb 2014 00:22:25 UTC +00:00], ["current_sign_in_at", nil], ["current_sign_in_ip", nil], ["email", "kelton@mertz.org"], ["encrypted_password", "$2a$10$Mn6nEvhglNHhp16p5otLeemHvWrgw8mTQTEPH26jHWepVOCj6whk6"], ["first_name", "Angelina"], ["genre", "country"], ["last_name", "Larson"], ["last_sign_in_at", nil], ["last_sign_in_ip", nil], ["profile_image_url", "http://placehold.it/230X180"], ["remember_created_at", nil], ["reset_password_sent_at", nil], ["reset_password_token", nil], ["sign_in_count", 0], ["stage_name", "The Big Show"], ["state", "Arkansas"], ["story", "Eum qui quod harum minima sint amet qui. Adipisci non earum natus optio reiciendis est atque. Vel culpa vero itaque."], ["tagline", "is this the interwebs?"], ["twitter_handle", "tbs002"], ["updated_at", Fri, 28 Feb 2014 00:22:25 UTC +00:00], ["verified", true]]
  [1m[36m (0.6ms)[0m  [1mCOMMIT[0m
  [1m[35m (0.1ms)[0m  BEGIN
  [1m[36mUser Exists (0.3ms)[0m  [1mSELECT 1 AS one FROM "users" WHERE "users"."email" = 'wilford.tillman@farrell.net' LIMIT 1[0m
  [1m[35mSQL (0.4ms)[0m  INSERT INTO "users" ("city", "country", "created_at", "current_sign_in_at", "current_sign_in_ip", "email", "encrypted_password", "first_name", "genre", "last_name", "last_sign_in_at", "last_sign_in_ip", "profile_image_url", "remember_created_at", "reset_password_sent_at", "reset_password_token", "sign_in_count", "stage_name", "state", "story", "tagline", "twitter_handle", "updated_at", "verified") VALUES ($1, $2, $3, $4, $5, $6, $7, $8, $9, $10, $11, $12, $13, $14, $15, $16, $17, $18, $19, $20, $21, $22, $23, $24) RETURNING "id"  [["city", "Toyville"], ["country", "United States of America"], ["created_at", Fri, 28 Feb 2014 00:22:25 UTC +00:00], ["current_sign_in_at", nil], ["current_sign_in_ip", nil], ["email", "wilford.tillman@farrell.net"], ["encrypted_password", "$2a$10$Yv8Imv.M3ADrP4QdtnMSF.bnCvpwjGXCEGIMssMf.vHYyPPL6jcf."], ["first_name", "Kathlyn"], ["genre", "country"], ["last_name", "Wiza"], ["last_sign_in_at", nil], ["last_sign_in_ip", nil], ["profile_image_url", "http://placehold.it/230X180"], ["remember_created_at", nil], ["reset_password_sent_at", nil], ["reset_password_token", nil], ["sign_in_count", 0], ["stage_name", "The Big Show"], ["state", "California"], ["story", "Voluptate est optio velit ipsum assumenda. Sit sint aperiam. Sunt odio ut. Aut nemo sint vel doloribus earum omnis. Quis id modi doloremque consequatur."], ["tagline", "is this the interwebs?"], ["twitter_handle", "tbs002"], ["updated_at", Fri, 28 Feb 2014 00:22:25 UTC +00:00], ["verified", true]]
  [1m[36m (0.6ms)[0m  [1mCOMMIT[0m
  [1m[35m (0.1ms)[0m  BEGIN
  [1m[36mUser Exists (0.3ms)[0m  [1mSELECT 1 AS one FROM "users" WHERE "users"."email" = 'ludie_jakubowski@moore.info' LIMIT 1[0m
  [1m[35mSQL (0.3ms)[0m  INSERT INTO "users" ("city", "country", "created_at", "current_sign_in_at", "current_sign_in_ip", "email", "encrypted_password", "first_name", "genre", "last_name", "last_sign_in_at", "last_sign_in_ip", "profile_image_url", "remember_created_at", "reset_password_sent_at", "reset_password_token", "sign_in_count", "stage_name", "state", "story", "tagline", "twitter_handle", "updated_at", "verified") VALUES ($1, $2, $3, $4, $5, $6, $7, $8, $9, $10, $11, $12, $13, $14, $15, $16, $17, $18, $19, $20, $21, $22, $23, $24) RETURNING "id"  [["city", "Quigleystad"], ["country", "Uzbekistan"], ["created_at", Fri, 28 Feb 2014 00:22:25 UTC +00:00], ["current_sign_in_at", nil], ["current_sign_in_ip", nil], ["email", "ludie_jakubowski@moore.info"], ["encrypted_password", "$2a$10$U/WbYtMecvVJrv0MrQeKgeF3k8vRWnhdO2.3A9uHm0i0OgC9.A9nC"], ["first_name", "Otha"], ["genre", "country"], ["last_name", "Green"], ["last_sign_in_at", nil], ["last_sign_in_ip", nil], ["profile_image_url", "http://placehold.it/230X180"], ["remember_created_at", nil], ["reset_password_sent_at", nil], ["reset_password_token", nil], ["sign_in_count", 0], ["stage_name", "The Big Show"], ["state", "North Dakota"], ["story", "In mollitia minima consequatur natus est. Dignissimos dolorem quo similique aspernatur. Maxime illum aspernatur deleniti."], ["tagline", "is this the interwebs?"], ["twitter_handle", "tbs002"], ["updated_at", Fri, 28 Feb 2014 00:22:25 UTC +00:00], ["verified", true]]
  [1m[36m (0.6ms)[0m  [1mCOMMIT[0m
  [1m[35m (0.1ms)[0m  BEGIN
  [1m[36mUser Exists (0.3ms)[0m  [1mSELECT 1 AS one FROM "users" WHERE "users"."email" = 'cecile@roobbins.com' LIMIT 1[0m
  [1m[35mSQL (0.3ms)[0m  INSERT INTO "users" ("city", "country", "created_at", "current_sign_in_at", "current_sign_in_ip", "email", "encrypted_password", "first_name", "genre", "last_name", "last_sign_in_at", "last_sign_in_ip", "profile_image_url", "remember_created_at", "reset_password_sent_at", "reset_password_token", "sign_in_count", "stage_name", "state", "story", "tagline", "twitter_handle", "updated_at", "verified") VALUES ($1, $2, $3, $4, $5, $6, $7, $8, $9, $10, $11, $12, $13, $14, $15, $16, $17, $18, $19, $20, $21, $22, $23, $24) RETURNING "id"  [["city", "Brainland"], ["country", "Saint Lucia"], ["created_at", Fri, 28 Feb 2014 00:22:25 UTC +00:00], ["current_sign_in_at", nil], ["current_sign_in_ip", nil], ["email", "cecile@roobbins.com"], ["encrypted_password", "$2a$10$4i8kQEfvCBzd2xVDmfz9qOfJgYDAl0UoZL3lFmwsJh2DG0UBQlKAK"], ["first_name", "Maude"], ["genre", "country"], ["last_name", "Bartoletti"], ["last_sign_in_at", nil], ["last_sign_in_ip", nil], ["profile_image_url", "http://placehold.it/230X180"], ["remember_created_at", nil], ["reset_password_sent_at", nil], ["reset_password_token", nil], ["sign_in_count", 0], ["stage_name", "The Big Show"], ["state", "Washington"], ["story", "Esse necessitatibus distinctio fuga cum quia omnis. Commodi et sint rerum quia. Repudiandae autem aut."], ["tagline", "is this the interwebs?"], ["twitter_handle", "tbs002"], ["updated_at", Fri, 28 Feb 2014 00:22:25 UTC +00:00], ["verified", true]]
  [1m[36m (0.5ms)[0m  [1mCOMMIT[0m
  [1m[35m (0.1ms)[0m  BEGIN
  [1m[36mUser Exists (0.3ms)[0m  [1mSELECT 1 AS one FROM "users" WHERE "users"."email" = 'rahsaan@oharaadams.name' LIMIT 1[0m
  [1m[35mSQL (0.3ms)[0m  INSERT INTO "users" ("city", "country", "created_at", "current_sign_in_at", "current_sign_in_ip", "email", "encrypted_password", "first_name", "genre", "last_name", "last_sign_in_at", "last_sign_in_ip", "profile_image_url", "remember_created_at", "reset_password_sent_at", "reset_password_token", "sign_in_count", "stage_name", "state", "story", "tagline", "twitter_handle", "updated_at", "verified") VALUES ($1, $2, $3, $4, $5, $6, $7, $8, $9, $10, $11, $12, $13, $14, $15, $16, $17, $18, $19, $20, $21, $22, $23, $24) RETURNING "id"  [["city", "Nashfort"], ["country", "Montenegro"], ["created_at", Fri, 28 Feb 2014 00:22:25 UTC +00:00], ["current_sign_in_at", nil], ["current_sign_in_ip", nil], ["email", "rahsaan@oharaadams.name"], ["encrypted_password", "$2a$10$s0PLWt2n56KKiErjfwY89.rwuWaV6R4U5VodMOjR282fzvUT.NbzK"], ["first_name", "Noe"], ["genre", "country"], ["last_name", "Casper"], ["last_sign_in_at", nil], ["last_sign_in_ip", nil], ["profile_image_url", "http://placehold.it/230X180"], ["remember_created_at", nil], ["reset_password_sent_at", nil], ["reset_password_token", nil], ["sign_in_count", 0], ["stage_name", "The Big Show"], ["state", "Mississippi"], ["story", "Mollitia at aperiam. Qui occaecati neque eum odit officiis. Ducimus non alias dolores. Dicta consequatur repellat dolor explicabo."], ["tagline", "is this the interwebs?"], ["twitter_handle", "tbs002"], ["updated_at", Fri, 28 Feb 2014 00:22:25 UTC +00:00], ["verified", true]]
  [1m[36m (0.5ms)[0m  [1mCOMMIT[0m
  [1m[35m (0.1ms)[0m  BEGIN
  [1m[36mUser Exists (0.3ms)[0m  [1mSELECT 1 AS one FROM "users" WHERE "users"."email" = 'olga.jaskolski@sporerbrakus.com' LIMIT 1[0m
  [1m[35mSQL (0.4ms)[0m  INSERT INTO "users" ("city", "country", "created_at", "current_sign_in_at", "current_sign_in_ip", "email", "encrypted_password", "first_name", "genre", "last_name", "last_sign_in_at", "last_sign_in_ip", "profile_image_url", "remember_created_at", "reset_password_sent_at", "reset_password_token", "sign_in_count", "stage_name", "state", "story", "tagline", "twitter_handle", "updated_at", "verified") VALUES ($1, $2, $3, $4, $5, $6, $7, $8, $9, $10, $11, $12, $13, $14, $15, $16, $17, $18, $19, $20, $21, $22, $23, $24) RETURNING "id"  [["city", "Kemmertown"], ["country", "Pakistan"], ["created_at", Fri, 28 Feb 2014 00:22:25 UTC +00:00], ["current_sign_in_at", nil], ["current_sign_in_ip", nil], ["email", "olga.jaskolski@sporerbrakus.com"], ["encrypted_password", "$2a$10$BS9ml8dniyZ9H3NQSfb6qOY59sAkMIEV37yfX7djcFZ5esUB6v1NO"], ["first_name", "Edwin"], ["genre", "country"], ["last_name", "Williamson"], ["last_sign_in_at", nil], ["last_sign_in_ip", nil], ["profile_image_url", "http://placehold.it/230X180"], ["remember_created_at", nil], ["reset_password_sent_at", nil], ["reset_password_token", nil], ["sign_in_count", 0], ["stage_name", "The Big Show"], ["state", "Utah"], ["story", "Soluta aut et. Velit est officiis unde veritatis veniam est. Earum quas ut sit autem tempore odio. Sed reprehenderit corporis minus."], ["tagline", "is this the interwebs?"], ["twitter_handle", "tbs002"], ["updated_at", Fri, 28 Feb 2014 00:22:25 UTC +00:00], ["verified", true]]
  [1m[36m (0.6ms)[0m  [1mCOMMIT[0m
  [1m[35m (0.1ms)[0m  BEGIN
  [1m[36mUser Exists (0.3ms)[0m  [1mSELECT 1 AS one FROM "users" WHERE "users"."email" = 'delores_hickle@mckenzie.biz' LIMIT 1[0m
  [1m[35mSQL (0.6ms)[0m  INSERT INTO "users" ("city", "country", "created_at", "current_sign_in_at", "current_sign_in_ip", "email", "encrypted_password", "first_name", "genre", "last_name", "last_sign_in_at", "last_sign_in_ip", "profile_image_url", "remember_created_at", "reset_password_sent_at", "reset_password_token", "sign_in_count", "stage_name", "state", "story", "tagline", "twitter_handle", "updated_at", "verified") VALUES ($1, $2, $3, $4, $5, $6, $7, $8, $9, $10, $11, $12, $13, $14, $15, $16, $17, $18, $19, $20, $21, $22, $23, $24) RETURNING "id"  [["city", "New Asha"], ["country", "El Salvador"], ["created_at", Fri, 28 Feb 2014 00:22:26 UTC +00:00], ["current_sign_in_at", nil], ["current_sign_in_ip", nil], ["email", "delores_hickle@mckenzie.biz"], ["encrypted_password", "$2a$10$ohRZvvMgpCZ5B1XPTAplYOw..lk.Vl79GuuKZcxyrAh5U.bOjCsmi"], ["first_name", "Olaf"], ["genre", "country"], ["last_name", "Dicki"], ["last_sign_in_at", nil], ["last_sign_in_ip", nil], ["profile_image_url", "http://placehold.it/230X180"], ["remember_created_at", nil], ["reset_password_sent_at", nil], ["reset_password_token", nil], ["sign_in_count", 0], ["stage_name", "The Big Show"], ["state", "West Virginia"], ["story", "Suscipit qui nihil. Sequi porro nobis nostrum facere earum iste. Saepe soluta qui nam sit et enim vel. Molestiae fugit eum non."], ["tagline", "is this the interwebs?"], ["twitter_handle", "tbs002"], ["updated_at", Fri, 28 Feb 2014 00:22:26 UTC +00:00], ["verified", true]]
  [1m[36m (0.6ms)[0m  [1mCOMMIT[0m
  [1m[35m (0.1ms)[0m  BEGIN
  [1m[36mUser Exists (0.3ms)[0m  [1mSELECT 1 AS one FROM "users" WHERE "users"."email" = 'marisa@senger.com' LIMIT 1[0m
  [1m[35mSQL (0.4ms)[0m  INSERT INTO "users" ("city", "country", "created_at", "current_sign_in_at", "current_sign_in_ip", "email", "encrypted_password", "first_name", "genre", "last_name", "last_sign_in_at", "last_sign_in_ip", "profile_image_url", "remember_created_at", "reset_password_sent_at", "reset_password_token", "sign_in_count", "stage_name", "state", "story", "tagline", "twitter_handle", "updated_at", "verified") VALUES ($1, $2, $3, $4, $5, $6, $7, $8, $9, $10, $11, $12, $13, $14, $15, $16, $17, $18, $19, $20, $21, $22, $23, $24) RETURNING "id"  [["city", "Claudiatown"], ["country", "Qatar"], ["created_at", Fri, 28 Feb 2014 00:22:26 UTC +00:00], ["current_sign_in_at", nil], ["current_sign_in_ip", nil], ["email", "marisa@senger.com"], ["encrypted_password", "$2a$10$qWghYEqC2fnnQ/xdLG.AVuSMoL0NCLpKXPuJHcflvpSAntKeb6Wk6"], ["first_name", "Curtis"], ["genre", "country"], ["last_name", "Collins"], ["last_sign_in_at", nil], ["last_sign_in_ip", nil], ["profile_image_url", "http://placehold.it/230X180"], ["remember_created_at", nil], ["reset_password_sent_at", nil], ["reset_password_token", nil], ["sign_in_count", 0], ["stage_name", "The Big Show"], ["state", "New Mexico"], ["story", "Suscipit voluptatem reiciendis qui sunt dolores. Molestiae rerum ratione quia adipisci odit. Consectetur dolorum dolores facilis earum ipsam et esse."], ["tagline", "is this the interwebs?"], ["twitter_handle", "tbs002"], ["updated_at", Fri, 28 Feb 2014 00:22:26 UTC +00:00], ["verified", true]]
  [1m[36m (0.6ms)[0m  [1mCOMMIT[0m
  [1m[35m (0.1ms)[0m  BEGIN
  [1m[36mUser Exists (0.3ms)[0m  [1mSELECT 1 AS one FROM "users" WHERE "users"."email" = 'evan.barrows@mante.info' LIMIT 1[0m
  [1m[35mSQL (0.3ms)[0m  INSERT INTO "users" ("city", "country", "created_at", "current_sign_in_at", "current_sign_in_ip", "email", "encrypted_password", "first_name", "genre", "last_name", "last_sign_in_at", "last_sign_in_ip", "profile_image_url", "remember_created_at", "reset_password_sent_at", "reset_password_token", "sign_in_count", "stage_name", "state", "story", "tagline", "twitter_handle", "updated_at", "verified") VALUES ($1, $2, $3, $4, $5, $6, $7, $8, $9, $10, $11, $12, $13, $14, $15, $16, $17, $18, $19, $20, $21, $22, $23, $24) RETURNING "id"  [["city", "East Marilynemouth"], ["country", "Svalbard & Jan Mayen Islands"], ["created_at", Fri, 28 Feb 2014 00:22:26 UTC +00:00], ["current_sign_in_at", nil], ["current_sign_in_ip", nil], ["email", "evan.barrows@mante.info"], ["encrypted_password", "$2a$10$7tsTOQdNkjeHuU31biFDieK9QWQEqlT0Q8xobHFEuf/FSrvb06ktS"], ["first_name", "Santiago"], ["genre", "country"], ["last_name", "Emmerich"], ["last_sign_in_at", nil], ["last_sign_in_ip", nil], ["profile_image_url", "http://placehold.it/230X180"], ["remember_created_at", nil], ["reset_password_sent_at", nil], ["reset_password_token", nil], ["sign_in_count", 0], ["stage_name", "The Big Show"], ["state", "Kansas"], ["story", "Omnis ut ut voluptate eius accusamus nihil. Illum quibusdam commodi est ipsam qui quasi. Corporis et labore tempora autem sit voluptatem. Ducimus veniam mollitia delectus reprehenderit iste officia totam."], ["tagline", "is this the interwebs?"], ["twitter_handle", "tbs002"], ["updated_at", Fri, 28 Feb 2014 00:22:26 UTC +00:00], ["verified", true]]
  [1m[36m (0.5ms)[0m  [1mCOMMIT[0m
  [1m[35m (0.1ms)[0m  BEGIN
  [1m[36mUser Exists (0.6ms)[0m  [1mSELECT 1 AS one FROM "users" WHERE "users"."email" = 'rodrigo@towne.info' LIMIT 1[0m
  [1m[35mSQL (0.6ms)[0m  INSERT INTO "users" ("city", "country", "created_at", "current_sign_in_at", "current_sign_in_ip", "email", "encrypted_password", "first_name", "genre", "last_name", "last_sign_in_at", "last_sign_in_ip", "profile_image_url", "remember_created_at", "reset_password_sent_at", "reset_password_token", "sign_in_count", "stage_name", "state", "story", "tagline", "twitter_handle", "updated_at", "verified") VALUES ($1, $2, $3, $4, $5, $6, $7, $8, $9, $10, $11, $12, $13, $14, $15, $16, $17, $18, $19, $20, $21, $22, $23, $24) RETURNING "id"  [["city", "South Julientown"], ["country", "Western Sahara"], ["created_at", Fri, 28 Feb 2014 00:22:26 UTC +00:00], ["current_sign_in_at", nil], ["current_sign_in_ip", nil], ["email", "rodrigo@towne.info"], ["encrypted_password", "$2a$10$c2FMoT6luSfdGbBqNkWHx.RJpqcOu/WC/ODcxfcI7vBEyseHVXOla"], ["first_name", "Catalina"], ["genre", "country"], ["last_name", "Robel"], ["last_sign_in_at", nil], ["last_sign_in_ip", nil], ["profile_image_url", "http://placehold.it/230X180"], ["remember_created_at", nil], ["reset_password_sent_at", nil], ["reset_password_token", nil], ["sign_in_count", 0], ["stage_name", "The Big Show"], ["state", "South Dakota"], ["story", "Deserunt itaque odit quas distinctio. Laborum pariatur dolor nisi est distinctio. Et quia totam aspernatur alias ratione facere rerum. Ut sed doloribus. Enim culpa aperiam iure et."], ["tagline", "is this the interwebs?"], ["twitter_handle", "tbs002"], ["updated_at", Fri, 28 Feb 2014 00:22:26 UTC +00:00], ["verified", true]]
  [1m[36m (0.6ms)[0m  [1mCOMMIT[0m
Connecting to database specified by database.yml
