# Logfile created on 2014-03-05 15:42:48 -0800 by logger.rb/41954
I, [2014-03-05T15:42:48.536683 #30871]  INFO -- : 0:  rake (10.1.1) from /Users/ekaunitz/.rvm/gems/ruby-2.0.0-p353/specifications/rake-10.1.1.gemspec
I, [2014-03-05T15:42:48.537012 #30871]  INFO -- : 0:  i18n (0.6.9) from /Users/ekaunitz/.rvm/gems/ruby-2.0.0-p353/specifications/i18n-0.6.9.gemspec
I, [2014-03-05T15:42:48.537270 #30871]  INFO -- : 0:  multi_json (1.9.0) from /Users/ekaunitz/.rvm/gems/ruby-2.0.0-p353/specifications/multi_json-1.9.0.gemspec
I, [2014-03-05T15:42:48.537501 #30871]  INFO -- : 0:  activesupport (3.2.14) from /Users/ekaunitz/.rvm/gems/ruby-2.0.0-p353/specifications/activesupport-3.2.14.gemspec
I, [2014-03-05T15:42:48.537725 #30871]  INFO -- : 0:  builder (3.0.4) from /Users/ekaunitz/.rvm/gems/ruby-2.0.0-p353/specifications/builder-3.0.4.gemspec
I, [2014-03-05T15:42:48.537950 #30871]  INFO -- : 0:  activemodel (3.2.14) from /Users/ekaunitz/.rvm/gems/ruby-2.0.0-p353/specifications/activemodel-3.2.14.gemspec
I, [2014-03-05T15:42:48.538175 #30871]  INFO -- : 0:  erubis (2.7.0) from /Users/ekaunitz/.rvm/gems/ruby-2.0.0-p353/specifications/erubis-2.7.0.gemspec
I, [2014-03-05T15:42:48.538384 #30871]  INFO -- : 0:  journey (1.0.4) from /Users/ekaunitz/.rvm/gems/ruby-2.0.0-p353/specifications/journey-1.0.4.gemspec
I, [2014-03-05T15:42:48.538604 #30871]  INFO -- : 0:  rack (1.4.5) from /Users/ekaunitz/.rvm/gems/ruby-2.0.0-p353/specifications/rack-1.4.5.gemspec
I, [2014-03-05T15:42:48.538826 #30871]  INFO -- : 0:  rack-cache (1.2) from /Users/ekaunitz/.rvm/gems/ruby-2.0.0-p353/specifications/rack-cache-1.2.gemspec
I, [2014-03-05T15:42:48.539065 #30871]  INFO -- : 0:  rack-test (0.6.2) from /Users/ekaunitz/.rvm/gems/ruby-2.0.0-p353/specifications/rack-test-0.6.2.gemspec
I, [2014-03-05T15:42:48.539308 #30871]  INFO -- : 0:  hike (1.2.3) from /Users/ekaunitz/.rvm/gems/ruby-2.0.0-p353/specifications/hike-1.2.3.gemspec
I, [2014-03-05T15:42:48.539512 #30871]  INFO -- : 0:  tilt (1.4.1) from /Users/ekaunitz/.rvm/gems/ruby-2.0.0-p353/specifications/tilt-1.4.1.gemspec
I, [2014-03-05T15:42:48.539710 #30871]  INFO -- : 0:  sprockets (2.2.2) from /Users/ekaunitz/.rvm/gems/ruby-2.0.0-p353/specifications/sprockets-2.2.2.gemspec
I, [2014-03-05T15:42:48.539889 #30871]  INFO -- : 0:  actionpack (3.2.14) from /Users/ekaunitz/.rvm/gems/ruby-2.0.0-p353/specifications/actionpack-3.2.14.gemspec
I, [2014-03-05T15:42:48.540068 #30871]  INFO -- : 0:  mime-types (1.25.1) from /Users/ekaunitz/.rvm/gems/ruby-2.0.0-p353/specifications/mime-types-1.25.1.gemspec
I, [2014-03-05T15:42:48.540277 #30871]  INFO -- : 0:  polyglot (0.3.4) from /Users/ekaunitz/.rvm/gems/ruby-2.0.0-p353/specifications/polyglot-0.3.4.gemspec
I, [2014-03-05T15:42:48.540465 #30871]  INFO -- : 0:  treetop (1.4.15) from /Users/ekaunitz/.rvm/gems/ruby-2.0.0-p353/specifications/treetop-1.4.15.gemspec
I, [2014-03-05T15:42:48.540648 #30871]  INFO -- : 0:  mail (2.5.4) from /Users/ekaunitz/.rvm/gems/ruby-2.0.0-p353/specifications/mail-2.5.4.gemspec
I, [2014-03-05T15:42:48.540835 #30871]  INFO -- : 0:  actionmailer (3.2.14) from /Users/ekaunitz/.rvm/gems/ruby-2.0.0-p353/specifications/actionmailer-3.2.14.gemspec
I, [2014-03-05T15:42:48.541019 #30871]  INFO -- : 0:  arel (3.0.3) from /Users/ekaunitz/.rvm/gems/ruby-2.0.0-p353/specifications/arel-3.0.3.gemspec
I, [2014-03-05T15:42:48.541201 #30871]  INFO -- : 0:  tzinfo (0.3.38) from /Users/ekaunitz/.rvm/gems/ruby-2.0.0-p353/specifications/tzinfo-0.3.38.gemspec
I, [2014-03-05T15:42:48.541381 #30871]  INFO -- : 0:  activerecord (3.2.14) from /Users/ekaunitz/.rvm/gems/ruby-2.0.0-p353/specifications/activerecord-3.2.14.gemspec
I, [2014-03-05T15:42:48.541562 #30871]  INFO -- : 0:  activeresource (3.2.14) from /Users/ekaunitz/.rvm/gems/ruby-2.0.0-p353/specifications/activeresource-3.2.14.gemspec
I, [2014-03-05T15:42:48.541736 #30871]  INFO -- : 0:  addressable (2.3.5) from /Users/ekaunitz/.rvm/gems/ruby-2.0.0-p353/specifications/addressable-2.3.5.gemspec
I, [2014-03-05T15:42:48.541944 #30871]  INFO -- : 0:  ansi (1.4.3) from /Users/ekaunitz/.rvm/gems/ruby-2.0.0-p353/specifications/ansi-1.4.3.gemspec
I, [2014-03-05T15:42:48.542152 #30871]  INFO -- : 0:  atomic (1.1.15) from /Users/ekaunitz/.rvm/gems/ruby-2.0.0-p353/specifications/atomic-1.1.15.gemspec
I, [2014-03-05T15:42:48.542349 #30871]  INFO -- : 0:  extlib (0.9.16) from /Users/ekaunitz/.rvm/gems/ruby-2.0.0-p353/specifications/extlib-0.9.16.gemspec
I, [2014-03-05T15:42:48.542534 #30871]  INFO -- : 0:  autoparse (0.3.3) from /Users/ekaunitz/.rvm/gems/ruby-2.0.0-p353/specifications/autoparse-0.3.3.gemspec
I, [2014-03-05T15:42:48.542726 #30871]  INFO -- : 0:  bcrypt (3.1.7) from /Users/ekaunitz/.rvm/gems/ruby-2.0.0-p353/specifications/bcrypt-3.1.7.gemspec
I, [2014-03-05T15:42:48.542911 #30871]  INFO -- : 0:  bcrypt-ruby (3.1.5) from /Users/ekaunitz/.rvm/gems/ruby-2.0.0-p353/specifications/bcrypt-ruby-3.1.5.gemspec
I, [2014-03-05T15:42:48.543095 #30871]  INFO -- : 0:  coderay (1.1.0) from /Users/ekaunitz/.rvm/gems/ruby-2.0.0-p353/specifications/coderay-1.1.0.gemspec
I, [2014-03-05T15:42:48.543278 #30871]  INFO -- : 0:  better_errors (1.1.0) from /Users/ekaunitz/.rvm/gems/ruby-2.0.0-p353/specifications/better_errors-1.1.0.gemspec
I, [2014-03-05T15:42:48.543478 #30871]  INFO -- : 0:  debug_inspector (0.0.2) from /Users/ekaunitz/.rvm/gems/ruby-2.0.0-p353/specifications/debug_inspector-0.0.2.gemspec
I, [2014-03-05T15:42:48.543661 #30871]  INFO -- : 0:  binding_of_caller (0.7.2) from /Users/ekaunitz/.rvm/gems/ruby-2.0.0-p353/specifications/binding_of_caller-0.7.2.gemspec
I, [2014-03-05T15:42:48.543848 #30871]  INFO -- : 0:  mini_portile (0.5.2) from /Users/ekaunitz/.rvm/gems/ruby-2.0.0-p353/specifications/mini_portile-0.5.2.gemspec
I, [2014-03-05T15:42:48.544044 #30871]  INFO -- : 0:  nokogiri (1.6.1) from /Users/ekaunitz/.rvm/gems/ruby-2.0.0-p353/specifications/nokogiri-1.6.1.gemspec
I, [2014-03-05T15:42:48.544230 #30871]  INFO -- : 0:  xpath (2.0.0) from /Users/ekaunitz/.rvm/gems/ruby-2.0.0-p353/specifications/xpath-2.0.0.gemspec
I, [2014-03-05T15:42:48.544417 #30871]  INFO -- : 0:  capybara (2.2.1) from /Users/ekaunitz/.rvm/gems/ruby-2.0.0-p353/specifications/capybara-2.2.1.gemspec
I, [2014-03-05T15:42:48.544607 #30871]  INFO -- : 0:  timers (1.1.0) from /Users/ekaunitz/.rvm/gems/ruby-2.0.0-p353/specifications/timers-1.1.0.gemspec
I, [2014-03-05T15:42:48.544800 #30871]  INFO -- : 0:  celluloid (0.15.2) from /Users/ekaunitz/.rvm/gems/ruby-2.0.0-p353/specifications/celluloid-0.15.2.gemspec
I, [2014-03-05T15:42:48.544967 #30871]  INFO -- : 0:  ffi (1.9.3) from /Users/ekaunitz/.rvm/gems/ruby-2.0.0-p353/specifications/ffi-1.9.3.gemspec
I, [2014-03-05T15:42:48.545161 #30871]  INFO -- : 0:  childprocess (0.5.1) from /Users/ekaunitz/.rvm/gems/ruby-2.0.0-p353/specifications/childprocess-0.5.1.gemspec
I, [2014-03-05T15:42:48.545350 #30871]  INFO -- : 0:  chronic (0.10.2) from /Users/ekaunitz/.rvm/gems/ruby-2.0.0-p353/specifications/chronic-0.10.2.gemspec
I, [2014-03-05T15:42:48.545539 #30871]  INFO -- : 0:  coffee-script-source (1.7.0) from /Users/ekaunitz/.rvm/gems/ruby-2.0.0-p353/specifications/coffee-script-source-1.7.0.gemspec
I, [2014-03-05T15:42:48.545722 #30871]  INFO -- : 0:  execjs (2.0.2) from /Users/ekaunitz/.rvm/gems/ruby-2.0.0-p353/specifications/execjs-2.0.2.gemspec
I, [2014-03-05T15:42:48.545919 #30871]  INFO -- : 0:  coffee-script (2.2.0) from /Users/ekaunitz/.rvm/gems/ruby-2.0.0-p353/specifications/coffee-script-2.2.0.gemspec
I, [2014-03-05T15:42:48.546108 #30871]  INFO -- : 0:  rack-ssl (1.3.3) from /Users/ekaunitz/.rvm/gems/ruby-2.0.0-p353/specifications/rack-ssl-1.3.3.gemspec
I, [2014-03-05T15:42:48.546297 #30871]  INFO -- : 0:  json (1.7.7) from /Users/ekaunitz/.rvm/rubies/ruby-2.0.0-p353/lib/ruby/gems/2.0.0/specifications/default/json-1.7.7.gemspec
I, [2014-03-05T15:42:48.546490 #30871]  INFO -- : 0:  rdoc (3.12.2) from /Users/ekaunitz/.rvm/gems/ruby-2.0.0-p353/specifications/rdoc-3.12.2.gemspec
I, [2014-03-05T15:42:48.546772 #30871]  INFO -- : 0:  thor (0.18.1) from /Users/ekaunitz/.rvm/gems/ruby-2.0.0-p353/specifications/thor-0.18.1.gemspec
I, [2014-03-05T15:42:48.546960 #30871]  INFO -- : 0:  railties (3.2.14) from /Users/ekaunitz/.rvm/gems/ruby-2.0.0-p353/specifications/railties-3.2.14.gemspec
I, [2014-03-05T15:42:48.547173 #30871]  INFO -- : 0:  coffee-rails (3.2.2) from /Users/ekaunitz/.rvm/gems/ruby-2.0.0-p353/specifications/coffee-rails-3.2.2.gemspec
I, [2014-03-05T15:42:48.547368 #30871]  INFO -- : 0:  hashie (2.0.5) from /Users/ekaunitz/.rvm/gems/ruby-2.0.0-p353/specifications/hashie-2.0.5.gemspec
I, [2014-03-05T15:42:48.547558 #30871]  INFO -- : 0:  multi_xml (0.5.5) from /Users/ekaunitz/.rvm/gems/ruby-2.0.0-p353/specifications/multi_xml-0.5.5.gemspec
I, [2014-03-05T15:42:48.547755 #30871]  INFO -- : 0:  httparty (0.11.0) from /Users/ekaunitz/.rvm/gems/ruby-2.0.0-p353/specifications/httparty-0.11.0.gemspec
I, [2014-03-05T15:42:48.547944 #30871]  INFO -- : 0:  money (5.1.1) from /Users/ekaunitz/.rvm/gems/ruby-2.0.0-p353/specifications/money-5.1.1.gemspec
I, [2014-03-05T15:42:48.548136 #30871]  INFO -- : 0:  coinbase (1.3.0) from /Users/ekaunitz/.rvm/gems/ruby-2.0.0-p353/specifications/coinbase-1.3.0.gemspec
I, [2014-03-05T15:42:48.548334 #30871]  INFO -- : 0:  connection_pool (1.2.0) from /Users/ekaunitz/.rvm/gems/ruby-2.0.0-p353/specifications/connection_pool-1.2.0.gemspec
I, [2014-03-05T15:42:48.548522 #30871]  INFO -- : 0:  safe_yaml (1.0.1) from /Users/ekaunitz/.rvm/gems/ruby-2.0.0-p353/specifications/safe_yaml-1.0.1.gemspec
I, [2014-03-05T15:42:48.548709 #30871]  INFO -- : 0:  crack (0.4.2) from /Users/ekaunitz/.rvm/gems/ruby-2.0.0-p353/specifications/crack-0.4.2.gemspec
I, [2014-03-05T15:42:48.548919 #30871]  INFO -- : 0:  database_cleaner (1.2.0) from /Users/ekaunitz/.rvm/gems/ruby-2.0.0-p353/specifications/database_cleaner-1.2.0.gemspec
I, [2014-03-05T15:42:48.549105 #30871]  INFO -- : 0:  orm_adapter (0.5.0) from /Users/ekaunitz/.rvm/gems/ruby-2.0.0-p353/specifications/orm_adapter-0.5.0.gemspec
I, [2014-03-05T15:42:48.549292 #30871]  INFO -- : 0:  thread_safe (0.2.0) from /Users/ekaunitz/.rvm/gems/ruby-2.0.0-p353/specifications/thread_safe-0.2.0.gemspec
I, [2014-03-05T15:42:48.549489 #30871]  INFO -- : 0:  warden (1.2.3) from /Users/ekaunitz/.rvm/gems/ruby-2.0.0-p353/specifications/warden-1.2.3.gemspec
I, [2014-03-05T15:42:48.549665 #30871]  INFO -- : 0:  devise (3.2.3) from /Users/ekaunitz/.rvm/gems/ruby-2.0.0-p353/specifications/devise-3.2.3.gemspec
I, [2014-03-05T15:42:48.549851 #30871]  INFO -- : 0:  diff-lcs (1.2.5) from /Users/ekaunitz/.rvm/gems/ruby-2.0.0-p353/specifications/diff-lcs-1.2.5.gemspec
I, [2014-03-05T15:42:48.550038 #30871]  INFO -- : 0:  dotenv (0.10.0) from /Users/ekaunitz/.rvm/gems/ruby-2.0.0-p353/specifications/dotenv-0.10.0.gemspec
I, [2014-03-05T15:42:48.550223 #30871]  INFO -- : 0:  dotenv-rails (0.10.0) from /Users/ekaunitz/.rvm/gems/ruby-2.0.0-p353/specifications/dotenv-rails-0.10.0.gemspec
I, [2014-03-05T15:42:48.550429 #30871]  INFO -- : 0:  excon (0.32.0) from /Users/ekaunitz/.rvm/gems/ruby-2.0.0-p353/specifications/excon-0.32.0.gemspec
I, [2014-03-05T15:42:48.550675 #30871]  INFO -- : 0:  factory_girl (4.4.0) from /Users/ekaunitz/.rvm/gems/ruby-2.0.0-p353/specifications/factory_girl-4.4.0.gemspec
I, [2014-03-05T15:42:48.550963 #30871]  INFO -- : 0:  factory_girl_rails (4.4.1) from /Users/ekaunitz/.rvm/gems/ruby-2.0.0-p353/specifications/factory_girl_rails-4.4.1.gemspec
I, [2014-03-05T15:42:48.551171 #30871]  INFO -- : 0:  faker (1.2.0) from /Users/ekaunitz/.rvm/gems/ruby-2.0.0-p353/specifications/faker-1.2.0.gemspec
I, [2014-03-05T15:42:48.551387 #30871]  INFO -- : 0:  multipart-post (2.0.0) from /Users/ekaunitz/.rvm/gems/ruby-2.0.0-p353/specifications/multipart-post-2.0.0.gemspec
I, [2014-03-05T15:42:48.551612 #30871]  INFO -- : 0:  faraday (0.9.0) from /Users/ekaunitz/.rvm/gems/ruby-2.0.0-p353/specifications/faraday-0.9.0.gemspec
I, [2014-03-05T15:42:48.551808 #30871]  INFO -- : 0:  jwt (0.1.11) from /Users/ekaunitz/.rvm/gems/ruby-2.0.0-p353/specifications/jwt-0.1.11.gemspec
I, [2014-03-05T15:42:48.552006 #30871]  INFO -- : 0:  launchy (2.4.2) from /Users/ekaunitz/.rvm/gems/ruby-2.0.0-p353/specifications/launchy-2.4.2.gemspec
I, [2014-03-05T15:42:48.552206 #30871]  INFO -- : 0:  retriable (1.4.1) from /Users/ekaunitz/.rvm/gems/ruby-2.0.0-p353/specifications/retriable-1.4.1.gemspec
I, [2014-03-05T15:42:48.552498 #30871]  INFO -- : 0:  signet (0.5.0) from /Users/ekaunitz/.rvm/gems/ruby-2.0.0-p353/specifications/signet-0.5.0.gemspec
I, [2014-03-05T15:42:48.552759 #30871]  INFO -- : 0:  uuidtools (2.1.4) from /Users/ekaunitz/.rvm/gems/ruby-2.0.0-p353/specifications/uuidtools-2.1.4.gemspec
I, [2014-03-05T15:42:48.553005 #30871]  INFO -- : 0:  google-api-client (0.7.1) from /Users/ekaunitz/.rvm/gems/ruby-2.0.0-p353/specifications/google-api-client-0.7.1.gemspec
I, [2014-03-05T15:42:48.553237 #30871]  INFO -- : 0:  hashr (0.0.22) from /Users/ekaunitz/.rvm/gems/ruby-2.0.0-p353/specifications/hashr-0.0.22.gemspec
I, [2014-03-05T15:42:48.553470 #30871]  INFO -- : 0:  jquery-rails (3.1.0) from /Users/ekaunitz/.rvm/gems/ruby-2.0.0-p353/specifications/jquery-rails-3.1.0.gemspec
I, [2014-03-05T15:42:48.553709 #30871]  INFO -- : 0:  oauth (0.4.7) from /Users/ekaunitz/.rvm/gems/ruby-2.0.0-p353/specifications/oauth-0.4.7.gemspec
I, [2014-03-05T15:42:48.553938 #30871]  INFO -- : 0:  oauth2 (0.9.3) from /Users/ekaunitz/.rvm/gems/ruby-2.0.0-p353/specifications/oauth2-0.9.3.gemspec
I, [2014-03-05T15:42:48.554192 #30871]  INFO -- : 0:  omniauth (1.2.1) from /Users/ekaunitz/.rvm/gems/ruby-2.0.0-p353/specifications/omniauth-1.2.1.gemspec
I, [2014-03-05T15:42:48.554445 #30871]  INFO -- : 0:  omniauth-oauth2 (1.1.2) from /Users/ekaunitz/.rvm/gems/ruby-2.0.0-p353/specifications/omniauth-oauth2-1.1.2.gemspec
I, [2014-03-05T15:42:48.554688 #30871]  INFO -- : 0:  omniauth-facebook (1.6.0) from /Users/ekaunitz/.rvm/gems/ruby-2.0.0-p353/specifications/omniauth-facebook-1.6.0.gemspec
I, [2014-03-05T15:42:48.554918 #30871]  INFO -- : 0:  pg (0.17.1) from /Users/ekaunitz/.rvm/gems/ruby-2.0.0-p353/specifications/pg-0.17.1.gemspec
I, [2014-03-05T15:42:48.555155 #30871]  INFO -- : 0:  pg_search (0.7.3) from /Users/ekaunitz/.rvm/gems/ruby-2.0.0-p353/specifications/pg_search-0.7.3.gemspec
I, [2014-03-05T15:42:48.555412 #30871]  INFO -- : 0:  rack-protection (1.5.2) from /Users/ekaunitz/.rvm/gems/ruby-2.0.0-p353/specifications/rack-protection-1.5.2.gemspec
I, [2014-03-05T15:42:48.555632 #30871]  INFO -- : 0:  bundler (1.5.1) from /Users/ekaunitz/.rvm/gems/ruby-2.0.0-p353@global/specifications/bundler-1.5.1.gemspec
I, [2014-03-05T15:42:48.555875 #30871]  INFO -- : 0:  rails (3.2.14) from /Users/ekaunitz/.rvm/gems/ruby-2.0.0-p353/specifications/rails-3.2.14.gemspec
I, [2014-03-05T15:42:48.556119 #30871]  INFO -- : 0:  rails_serve_static_assets (0.0.2) from /Users/ekaunitz/.rvm/gems/ruby-2.0.0-p353/specifications/rails_serve_static_assets-0.0.2.gemspec
I, [2014-03-05T15:42:48.556361 #30871]  INFO -- : 0:  rails_stdout_logging (0.0.3) from /Users/ekaunitz/.rvm/gems/ruby-2.0.0-p353/specifications/rails_stdout_logging-0.0.3.gemspec
I, [2014-03-05T15:42:48.556608 #30871]  INFO -- : 0:  rails_12factor (0.0.2) from /Users/ekaunitz/.rvm/gems/ruby-2.0.0-p353/specifications/rails_12factor-0.0.2.gemspec
I, [2014-03-05T15:42:48.556838 #30871]  INFO -- : 0:  redis (3.0.7) from /Users/ekaunitz/.rvm/gems/ruby-2.0.0-p353/specifications/redis-3.0.7.gemspec
I, [2014-03-05T15:42:48.557076 #30871]  INFO -- : 0:  redis-namespace (1.4.1) from /Users/ekaunitz/.rvm/gems/ruby-2.0.0-p353/specifications/redis-namespace-1.4.1.gemspec
I, [2014-03-05T15:42:48.557319 #30871]  INFO -- : 0:  rest-client (1.6.7) from /Users/ekaunitz/.rvm/gems/ruby-2.0.0-p353/specifications/rest-client-1.6.7.gemspec
I, [2014-03-05T15:42:48.557555 #30871]  INFO -- : 0:  rspec-core (2.14.7) from /Users/ekaunitz/.rvm/gems/ruby-2.0.0-p353/specifications/rspec-core-2.14.7.gemspec
I, [2014-03-05T15:42:48.557840 #30871]  INFO -- : 0:  rspec-expectations (2.14.5) from /Users/ekaunitz/.rvm/gems/ruby-2.0.0-p353/specifications/rspec-expectations-2.14.5.gemspec
I, [2014-03-05T15:42:48.558087 #30871]  INFO -- : 0:  rspec-mocks (2.14.6) from /Users/ekaunitz/.rvm/gems/ruby-2.0.0-p353/specifications/rspec-mocks-2.14.6.gemspec
I, [2014-03-05T15:42:48.558325 #30871]  INFO -- : 0:  rspec-rails (2.14.1) from /Users/ekaunitz/.rvm/gems/ruby-2.0.0-p353/specifications/rspec-rails-2.14.1.gemspec
I, [2014-03-05T15:42:48.558571 #30871]  INFO -- : 0:  rubyzip (1.1.0) from /Users/ekaunitz/.rvm/gems/ruby-2.0.0-p353/specifications/rubyzip-1.1.0.gemspec
I, [2014-03-05T15:42:48.558807 #30871]  INFO -- : 0:  sass (3.2.14) from /Users/ekaunitz/.rvm/gems/ruby-2.0.0-p353/specifications/sass-3.2.14.gemspec
I, [2014-03-05T15:42:48.559039 #30871]  INFO -- : 0:  sass-rails (3.2.6) from /Users/ekaunitz/.rvm/gems/ruby-2.0.0-p353/specifications/sass-rails-3.2.6.gemspec
I, [2014-03-05T15:42:48.564993 #30871]  INFO -- : 0:  websocket (1.0.7) from /Users/ekaunitz/.rvm/gems/ruby-2.0.0-p353/specifications/websocket-1.0.7.gemspec
I, [2014-03-05T15:42:48.565288 #30871]  INFO -- : 0:  selenium-webdriver (2.40.0) from /Users/ekaunitz/.rvm/gems/ruby-2.0.0-p353/specifications/selenium-webdriver-2.40.0.gemspec
I, [2014-03-05T15:42:48.565537 #30871]  INFO -- : 0:  shoulda-matchers (2.5.0) from /Users/ekaunitz/.rvm/gems/ruby-2.0.0-p353/specifications/shoulda-matchers-2.5.0.gemspec
I, [2014-03-05T15:42:48.565773 #30871]  INFO -- : 0:  sidekiq (2.17.7) from /Users/ekaunitz/.rvm/gems/ruby-2.0.0-p353/specifications/sidekiq-2.17.7.gemspec
I, [2014-03-05T15:42:48.565971 #30871]  INFO -- : 0:  simple_oauth (0.2.0) from /Users/ekaunitz/.rvm/gems/ruby-2.0.0-p353/specifications/simple_oauth-0.2.0.gemspec
I, [2014-03-05T15:42:48.566175 #30871]  INFO -- : 0:  sinatra (1.4.4) from /Users/ekaunitz/.rvm/gems/ruby-2.0.0-p353/specifications/sinatra-1.4.4.gemspec
I, [2014-03-05T15:42:48.566378 #30871]  INFO -- : 0:  temple (0.6.7) from /Users/ekaunitz/.rvm/gems/ruby-2.0.0-p353/specifications/temple-0.6.7.gemspec
I, [2014-03-05T15:42:48.566573 #30871]  INFO -- : 0:  slim (2.0.2) from /Users/ekaunitz/.rvm/gems/ruby-2.0.0-p353/specifications/slim-2.0.2.gemspec
I, [2014-03-05T15:42:48.681117 #30871]  INFO -- : 0:  stripe (1.10.2) from /Users/ekaunitz/.rvm/gems/ruby-2.0.0-p353/bundler/gems/stripe-ruby-637d5899f614/stripe.gemspec
I, [2014-03-05T15:42:48.681521 #30871]  INFO -- : 0:  tire (0.6.2) from /Users/ekaunitz/.rvm/gems/ruby-2.0.0-p353/specifications/tire-0.6.2.gemspec
I, [2014-03-05T15:42:48.681795 #30871]  INFO -- : 0:  trollop (2.0) from /Users/ekaunitz/.rvm/gems/ruby-2.0.0-p353/specifications/trollop-2.0.gemspec
I, [2014-03-05T15:42:48.682050 #30871]  INFO -- : 0:  uglifier (2.2.1) from /Users/ekaunitz/.rvm/gems/ruby-2.0.0-p353/specifications/uglifier-2.2.1.gemspec
I, [2014-03-05T15:42:48.682294 #30871]  INFO -- : 0:  webmock (1.17.4) from /Users/ekaunitz/.rvm/gems/ruby-2.0.0-p353/specifications/webmock-1.17.4.gemspec
I, [2014-03-05T15:42:48.682535 #30871]  INFO -- : 0:  whenever (0.9.2) from /Users/ekaunitz/.rvm/gems/ruby-2.0.0-p353/specifications/whenever-0.9.2.gemspec
I, [2014-03-05T15:42:48.682778 #30871]  INFO -- : 0:  will_paginate (3.0.5) from /Users/ekaunitz/.rvm/gems/ruby-2.0.0-p353/specifications/will_paginate-3.0.5.gemspec
I, [2014-03-05T15:42:48.683019 #30871]  INFO -- : 0:  youtube_it (2.4.0) from /Users/ekaunitz/.rvm/gems/ruby-2.0.0-p353/specifications/youtube_it-2.4.0.gemspec
